\BOOKMARK [1][-]{section.1}{\376\377\000I\000n\000t\000r\000o\000d\000u\000c\000t\000i\000o\000n}{}% 1
\BOOKMARK [2][-]{subsection.1.1}{\376\377\000D\000a\000t\000a\000s\000e\000t\000\040\000i\000n\000f\000o\000r\000m\000a\000t\000i\000o\000n}{section.1}% 2
\BOOKMARK [2][-]{subsection.1.2}{\376\377\000R\000\040\000l\000i\000b\000r\000a\000r\000i\000e\000s}{section.1}% 3
\BOOKMARK [1][-]{section.2}{\376\377\000D\000a\000t\000a\000\040\000i\000m\000p\000o\000r\000t\000i\000n\000g}{}% 4
\BOOKMARK [2][-]{subsection.2.1}{\376\377\000D\000a\000t\000a\000\040\000p\000r\000e\000p\000r\000o\000c\000e\000s\000s\000i\000n\000g}{section.2}% 5
\BOOKMARK [2][-]{subsection.2.2}{\376\377\000I\000m\000p\000o\000r\000t\000i\000n\000g\000\040\000t\000o\000\040\000R\000S\000t\000u\000d\000i\000o}{section.2}% 6
\BOOKMARK [1][-]{section.3}{\376\377\000D\000a\000t\000a\000\040\000c\000l\000e\000a\000n\000i\000n\000g}{}% 7
\BOOKMARK [2][-]{subsection.3.1}{\376\377\000D\000a\000t\000a\000\040\000e\000x\000t\000r\000a\000c\000t\000i\000n\000g}{section.3}% 8
\BOOKMARK [2][-]{subsection.3.2}{\376\377\000N\000o\000t\000\040\000a\000v\000a\000i\000l\000a\000b\000l\000e\000\040\000d\000a\000t\000a\000\040\000c\000h\000e\000c\000k\000i\000n\000g}{section.3}% 9
\BOOKMARK [3][-]{subsubsection.3.2.1}{\376\377\000D\000r\000o\000p\000p\000i\000n\000g}{subsection.3.2}% 10
\BOOKMARK [3][-]{subsubsection.3.2.2}{\376\377\000R\000e\000p\000l\000a\000c\000i\000n\000g\000\040\000w\000i\000t\000h\000\040\000c\000o\000l\000u\000m\000n\000\040\000m\000e\000a\000n}{subsection.3.2}% 11
\BOOKMARK [3][-]{subsubsection.3.2.3}{\376\377\000R\000e\000p\000l\000a\000c\000i\000n\000g\000\040\000w\000i\000t\000h\000\040\000c\000o\000l\000u\000m\000n\000\040\000m\000e\000d\000i\000a\000n}{subsection.3.2}% 12
\BOOKMARK [3][-]{subsubsection.3.2.4}{\376\377\000R\000e\000p\000l\000a\000c\000i\000n\000g\000\040\000w\000i\000t\000h\000\040\000k\000-\000N\000N}{subsection.3.2}% 13
\BOOKMARK [4][-]{subsubsubsection.3.2.4.1}{\376\377\000F\000a\000s\000t\000\040\000i\000n\000t\000r\000o\000d\000u\000c\000t\000i\000o\000n\000\040\000t\000o\000\040\000k\000-\000N\000N}{subsubsection.3.2.4}% 14
\BOOKMARK [4][-]{subsubsubsection.3.2.4.2}{\376\377\000A\000p\000p\000l\000y\000i\000n\000g\000\040\000t\000o\000\040\000d\000a\000t\000a\000s\000e\000t}{subsubsection.3.2.4}% 15
\BOOKMARK [1][-]{section.4}{\376\377\000D\000a\000t\000a\000\040\000v\000i\000s\000u\000a\000l\000i\000z\000a\000t\000i\000o\000n}{}% 16
\BOOKMARK [2][-]{subsection.4.1}{\376\377\000T\000r\000a\000n\000s\000f\000o\000r\000m\000a\000t\000i\000o\000n}{section.4}% 17
\BOOKMARK [2][-]{subsection.4.2}{\376\377\000D\000e\000s\000c\000r\000i\000p\000t\000i\000v\000e\000\040\000s\000t\000a\000t\000i\000s\000t\000i\000c\000s\000\040\000f\000o\000r\000\040\000e\000a\000c\000h\000\040\000o\000f\000\040\000t\000h\000e\000\040\000v\000a\000r\000i\000a\000b\000l\000e\000s}{section.4}% 18
\BOOKMARK [2][-]{subsection.4.3}{\376\377\000G\000r\000a\000p\000h\000s}{section.4}% 19
\BOOKMARK [3][-]{subsubsection.4.3.1}{\376\377\000H\000i\000s\000t}{subsection.4.3}% 20
\BOOKMARK [3][-]{subsubsection.4.3.2}{\376\377\000B\000o\000x\000p\000l\000o\000t}{subsection.4.3}% 21
\BOOKMARK [3][-]{subsubsection.4.3.3}{\376\377\000P\000a\000i\000r\000s}{subsection.4.3}% 22
\BOOKMARK [1][-]{section.5}{\376\377\000H\000y\000p\000o\000t\000h\000e\000s\000i\000s\000\040\000t\000e\000s\000t\000i\000n\000g}{}% 23
\BOOKMARK [2][-]{subsection.5.1}{\376\377\000A\000N\000O\000V\000A}{section.5}% 24
\BOOKMARK [3][-]{subsubsection.5.1.1}{\376\377\000O\000n\000e\000-\000w\000a\000y\000\040\000A\000N\000O\000V\000A}{subsection.5.1}% 25
\BOOKMARK [4][-]{subsubsubsection.5.1.1.1}{\376\377\000B\000a\000s\000i\000c\000\040\000c\000o\000n\000c\000e\000p\000t}{subsubsection.5.1.1}% 26
\BOOKMARK [4][-]{subsubsubsection.5.1.1.2}{\376\377\000B\000u\000i\000l\000d\000i\000n\000g\000\040\000t\000e\000s\000t}{subsubsection.5.1.1}% 27
\BOOKMARK [4][-]{subsubsubsection.5.1.1.3}{\376\377\000W\000e\000l\000c\000h\040\031\000s\000\040\000t\000e\000s\000t}{subsubsection.5.1.1}% 28
\BOOKMARK [3][-]{subsubsection.5.1.2}{\376\377\000T\000w\000o\000-\000w\000a\000y\000\040\000A\000N\000O\000V\000A}{subsection.5.1}% 29
\BOOKMARK [4][-]{subsubsubsection.5.1.2.1}{\376\377\000B\000a\000s\000i\000c\000\040\000c\000o\000n\000c\000e\000p\000t}{subsubsection.5.1.2}% 30
\BOOKMARK [4][-]{subsubsubsection.5.1.2.2}{\376\377\000B\000u\000i\000l\000d\000i\000n\000g\000\040\000t\000e\000s\000t}{subsubsection.5.1.2}% 31
\BOOKMARK [4][-]{subsubsubsection.5.1.2.3}{\376\377\000P\000o\000s\000t\000\040\000h\000o\000c\000\040\000t\000e\000s\000t}{subsubsection.5.1.2}% 32
\BOOKMARK [2][-]{subsection.5.2}{\376\377\000Z\000-\000t\000e\000s\000t}{section.5}% 33
\BOOKMARK [3][-]{subsubsection.5.2.1}{\376\377\000O\000n\000e\000-\000s\000a\000m\000p\000l\000e\000\040\000Z\000-\000t\000e\000s\000t}{subsection.5.2}% 34
\BOOKMARK [4][-]{subsubsubsection.5.2.1.1}{\376\377\000B\000a\000s\000i\000c\000\040\000c\000o\000n\000c\000e\000p\000t}{subsubsection.5.2.1}% 35
\BOOKMARK [4][-]{subsubsubsection.5.2.1.2}{\376\377\000B\000u\000i\000l\000d\000i\000n\000g\000\040\000t\000e\000s\000t}{subsubsection.5.2.1}% 36
\BOOKMARK [3][-]{subsubsection.5.2.2}{\376\377\000T\000w\000o\000-\000s\000a\000m\000p\000l\000e\000\040\000Z\000-\000t\000e\000s\000t}{subsection.5.2}% 37
\BOOKMARK [4][-]{subsubsubsection.5.2.2.1}{\376\377\000B\000a\000s\000i\000c\000\040\000c\000o\000n\000c\000e\000p\000t}{subsubsection.5.2.2}% 38
\BOOKMARK [4][-]{subsubsubsection.5.2.2.2}{\376\377\000W\000e\000l\000c\000h\040\031\000s\000\040\000t\000e\000s\000t}{subsubsection.5.2.2}% 39
\BOOKMARK [2][-]{subsection.5.3}{\376\377\000C\000h\000i\000-\000s\000q\000u\000a\000r\000e\000d\000\040\000t\000e\000s\000t}{section.5}% 40
\BOOKMARK [3][-]{subsubsection.5.3.1}{\376\377\000C\000h\000i\000-\000S\000q\000u\000a\000r\000e\000d\000\040\000T\000e\000s\000t\000\040\000o\000f\000\040\000I\000n\000d\000e\000p\000e\000n\000d\000e\000n\000c\000e}{subsection.5.3}% 41
\BOOKMARK [4][-]{subsubsubsection.5.3.1.1}{\376\377\000B\000a\000s\000i\000c\000\040\000c\000o\000n\000c\000e\000p\000t}{subsubsection.5.3.1}% 42
\BOOKMARK [4][-]{subsubsubsection.5.3.1.2}{\376\377\000B\000u\000i\000l\000d\000i\000n\000g\000\040\000t\000e\000s\000t}{subsubsection.5.3.1}% 43
\BOOKMARK [1][-]{section.6}{\376\377\000F\000i\000t\000t\000i\000n\000g\000\040\000l\000i\000n\000e\000a\000r\000\040\000r\000e\000g\000r\000e\000s\000s\000i\000o\000n\000\040\000m\000o\000d\000e\000l}{}% 44
\BOOKMARK [2][-]{subsection.6.1}{\376\377\000F\000a\000s\000t\000\040\000i\000n\000t\000r\000o\000d\000u\000c\000t\000i\000o\000n\000\040\000t\000o\000\040\000m\000u\000l\000t\000i\000p\000l\000e\000\040\000l\000i\000n\000e\000a\000r\000\040\000r\000e\000g\000r\000e\000s\000s\000i\000o\000n}{section.6}% 45
\BOOKMARK [2][-]{subsection.6.2}{\376\377\000C\000o\000n\000s\000t\000r\000u\000c\000t\000i\000n\000g\000\040\000m\000u\000l\000t\000i\000p\000l\000e\000\040\000l\000i\000n\000e\000a\000r\000\040\000r\000e\000g\000r\000e\000s\000s\000i\000o\000n\000\040\000m\000o\000d\000e\000l}{section.6}% 46
\BOOKMARK [3][-]{subsubsection.6.2.1}{\376\377\000D\000e\000f\000i\000n\000i\000n\000g\000\040\000i\000n\000p\000u\000t\000\040\000a\000n\000d\000\040\000o\000u\000t\000p\000u\000t}{subsection.6.2}% 47
\BOOKMARK [3][-]{subsubsection.6.2.2}{\376\377\000L\000i\000n\000e\000a\000r\000\040\000r\000e\000g\000r\000e\000s\000s\000i\000o\000n\000\040\000m\000o\000d\000e\000l\000\040\000l\000m\000P\000r\000i\000c\000e}{subsection.6.2}% 48
\BOOKMARK [3][-]{subsubsection.6.2.3}{\376\377\000E\000x\000p\000l\000a\000n\000a\000t\000i\000o\000n}{subsection.6.2}% 49
\BOOKMARK [4][-]{subsubsubsection.6.2.3.1}{\376\377\000T\000h\000e\000\040\000l\000m\000\050\000\051\000\040\000f\000u\000n\000c\000t\000i\000o\000n}{subsubsection.6.2.3}% 50
\BOOKMARK [4][-]{subsubsubsection.6.2.3.2}{\376\377\000T\000h\000e\000\040\000s\000u\000m\000m\000a\000r\000y\000\050\000\051\000\040\000f\000u\000n\000c\000t\000i\000o\000n}{subsubsection.6.2.3}% 51
\BOOKMARK [2][-]{subsection.6.3}{\376\377\000C\000o\000n\000s\000i\000d\000e\000r\000i\000n\000g\000\040\000e\000l\000i\000m\000i\000n\000a\000t\000i\000n\000g\000\040\000a\000n\000y\000\040\000t\000h\000e\000\040\000i\000n\000d\000e\000p\000e\000n\000d\000e\000n\000t\000\040\000v\000a\000r\000i\000a\000b\000l\000e\000s\000\040\000d\000u\000e\000\040\000t\000o\000\040\000t\000h\000e\000\040\000P\000r\000\050\000>\000[\000t\000]\000\051}{section.6}% 52
\BOOKMARK [2][-]{subsection.6.4}{\376\377\000T\000e\000s\000t\000i\000n\000g\000\040\000t\000h\000e\000\040\000l\000i\000n\000e\000a\000r\000\040\000r\000e\000g\000r\000e\000s\000s\000i\000o\000n\000\040\000m\000o\000d\000e\000l}{section.6}% 53
\BOOKMARK [3][-]{subsubsection.6.4.1}{\376\377\000L\000i\000n\000e\000a\000r\000\040\000r\000e\000g\000r\000e\000s\000s\000i\000o\000n\000\040\000m\000o\000d\000e\000l\000\040\000l\000m\000P\000r\000i\000c\000e\000N\000o\000M\000e\000m}{subsection.6.4}% 54
\BOOKMARK [3][-]{subsubsection.6.4.2}{\376\377\000C\000o\000m\000p\000a\000r\000i\000s\000o\000n}{subsection.6.4}% 55
\BOOKMARK [2][-]{subsection.6.5}{\376\377\000M\000o\000d\000e\000l\000\040\000a\000c\000c\000u\000r\000a\000c\000y\000\040\000a\000s\000s\000e\000s\000s\000m\000e\000n\000t}{section.6}% 56
\BOOKMARK [3][-]{subsubsection.6.5.1}{\376\377\000R\000-\000s\000q\000u\000a\000r\000e}{subsection.6.5}% 57
\BOOKMARK [3][-]{subsubsection.6.5.2}{\376\377\000R\000e\000s\000i\000d\000u\000a\000l\000\040\000S\000t\000a\000n\000d\000a\000r\000d\000\040\000E\000r\000r\000o\000r}{subsection.6.5}% 58
\BOOKMARK [3][-]{subsubsection.6.5.3}{\376\377\000F\000-\000S\000t\000a\000t\000i\000s\000t\000i\000c}{subsection.6.5}% 59
\BOOKMARK [2][-]{subsection.6.6}{\376\377\000M\000u\000l\000t\000i\000c\000o\000l\000l\000i\000n\000e\000a\000r\000i\000t\000y\000\040\000c\000h\000e\000c\000k\000i\000n\000g}{section.6}% 60
\BOOKMARK [2][-]{subsection.6.7}{\376\377\000C\000o\000n\000f\000i\000d\000e\000n\000c\000e\000\040\000i\000n\000t\000e\000r\000v\000a\000l}{section.6}% 61
\BOOKMARK [2][-]{subsection.6.8}{\376\377\000G\000r\000a\000p\000h\000s}{section.6}% 62
\BOOKMARK [3][-]{subsubsection.6.8.1}{\376\377\000H\000o\000m\000o\000s\000c\000e\000d\000a\000s\000t\000i\000c\000i\000t\000y\000\040\000c\000h\000e\000c\000k\000i\000n\000g}{subsection.6.8}% 63
\BOOKMARK [3][-]{subsubsection.6.8.2}{\376\377\000L\000i\000n\000e\000a\000r\000\040\000r\000e\000g\000r\000e\000s\000s\000i\000o\000n\000\040\000g\000r\000a\000p\000h\000\040\000f\000o\000r\000\040\000e\000a\000c\000h\000\040\000v\000a\000r\000i\000a\000b\000l\000e}{subsection.6.8}% 64
\BOOKMARK [3][-]{subsubsection.6.8.3}{\376\377\000G\000r\000a\000p\000h\000s\000\040\000i\000n\000v\000o\000l\000v\000i\000n\000g\000\040\000m\000u\000l\000t\000i\000p\000l\000e\000\040\000v\000a\000r\000i\000a\000b\000l\000e\000s}{subsection.6.8}% 65
\BOOKMARK [2][-]{subsection.6.9}{\376\377\000M\000o\000d\000e\000l\000\040\000c\000o\000n\000c\000l\000u\000s\000i\000o\000n}{section.6}% 66
\BOOKMARK [1][-]{section.7}{\376\377\000F\000i\000t\000t\000i\000n\000g\000\040\000e\000x\000t\000r\000a\000\040\000m\000o\000d\000e\000l}{}% 67
\BOOKMARK [2][-]{subsection.7.1}{\376\377\000F\000i\000t\000t\000i\000n\000g\000\040\000e\000x\000p\000o\000n\000e\000n\000t\000i\000a\000l\000\040\000m\000o\000d\000e\000l}{section.7}% 68
\BOOKMARK [3][-]{subsubsection.7.1.1}{\376\377\000M\000o\000o\000r\000e\000'\000s\000\040\000l\000a\000w}{subsection.7.1}% 69
\BOOKMARK [3][-]{subsubsection.7.1.2}{\376\377\000T\000h\000e\000o\000r\000e\000t\000i\000c\000\040\000m\000o\000d\000e\000l}{subsection.7.1}% 70
\BOOKMARK [3][-]{subsubsection.7.1.3}{\376\377\000G\000r\000a\000p\000h\000s}{subsection.7.1}% 71
\BOOKMARK [2][-]{subsection.7.2}{\376\377\000F\000i\000t\000t\000i\000n\000g\000\040\000p\000o\000l\000y\000n\000o\000m\000i\000a\000l\000\040\000r\000e\000g\000r\000e\000s\000s\000i\000o\000n\000\040\000m\000o\000d\000e\000l}{section.7}% 72
\BOOKMARK [3][-]{subsubsection.7.2.1}{\376\377\000C\000o\000n\000s\000t\000r\000u\000c\000t\000i\000n\000g\000\040\000q\000u\000a\000d\000r\000a\000t\000i\000c\000\040\000p\000o\000l\000y\000n\000o\000m\000i\000a\000l\000\040\000r\000e\000g\000r\000e\000s\000s\000i\000o\000n}{subsection.7.2}% 73
\BOOKMARK [3][-]{subsubsection.7.2.2}{\376\377\000C\000o\000n\000s\000t\000r\000u\000c\000t\000i\000n\000g\000\040\000c\000u\000b\000i\000c\000\040\000p\000o\000l\000y\000n\000o\000m\000i\000a\000l\000\040\000r\000e\000g\000r\000e\000s\000s\000i\000o\000n}{subsection.7.2}% 74
\BOOKMARK [3][-]{subsubsection.7.2.3}{\376\377\000G\000r\000a\000p\000h\000s}{subsection.7.2}% 75
\BOOKMARK [1][-]{section.8}{\376\377\000P\000r\000e\000d\000i\000c\000t\000i\000o\000n}{}% 76
\BOOKMARK [2][-]{subsection.8.1}{\376\377\000F\000r\000o\000m\000\040\000d\000a\000t\000a\000s\000e\000t}{section.8}% 77
\BOOKMARK [2][-]{subsection.8.2}{\376\377\000F\000r\000o\000m\000\040\000r\000e\000a\000l\000\040\000l\000i\000f\000e}{section.8}% 78
\BOOKMARK [1][-]{section.9}{\376\377\000R\000e\000p\000o\000r\000t\000\040\000g\000o\000a\000l}{}% 79
\BOOKMARK [1][-]{section.10}{\376\377\000R\000e\000f\000e\000r\000e\000n\000c\000e\000s}{}% 80
