This is pdfTeX, Version 3.141592653-2.6-1.40.23 (MiKTeX 21.8) (preloaded format=pdflatex 2021.10.15)  23 NOV 2021 21:12
entering extended mode
**"c:/Users/Admin/Desktop/P/BK/211/Probability and Statistics/Project/Github/prob-stat/report/Latex/main.tex"
(c:/Users/Admin/Desktop/P/BK/211/Probability and Statistics/Project/Github/prob-stat/report/Latex/main.tex
LaTeX2e <2021-06-01> patch level 1
L3 programming layer <2021-08-27> (C:\Program Files\MiKTeX\tex/latex/base\article.cls
Document Class: article 2021/02/12 v1.4n Standard LaTeX document class
(C:\Program Files\MiKTeX\tex/latex/base\size10.clo
File: size10.clo 2021/02/12 v1.4n Standard LaTeX file (size option)
)
\c@part=\count182
\c@section=\count183
\c@subsection=\count184
\c@subsubsection=\count185
\c@paragraph=\count186
\c@subparagraph=\count187
\c@figure=\count188
\c@table=\count189
\abovecaptionskip=\skip47
\belowcaptionskip=\skip48
\bibindent=\dimen138
) (C:\Program Files\MiKTeX\tex/latex/a4wide\a4wide.sty
Package: a4wide 1994/08/30
 (C:\Program Files\MiKTeX\tex/latex/ntgclass\a4.sty
Package: a4 2020/02/18 v1.2g A4 based page layout
)) (C:\Program Files\MiKTeX\tex/latex/amsfonts\amssymb.sty
Package: amssymb 2013/01/14 v3.01 AMS font symbols
 (C:\Program Files\MiKTeX\tex/latex/amsfonts\amsfonts.sty
Package: amsfonts 2013/01/14 v3.01 Basic AMSFonts support
\@emptytoks=\toks16
\symAMSa=\mathgroup4
\symAMSb=\mathgroup5
LaTeX Font Info:    Redeclaring math symbol \hbar on input line 98.
LaTeX Font Info:    Overwriting math alphabet `\mathfrak' in version `bold'
(Font)                  U/euf/m/n --> U/euf/b/n on input line 106.
)) (C:\Program Files\MiKTeX\tex/latex/graphics\epsfig.sty
Package: epsfig 2017/06/25 v1.7b (e)psfig emulation (SPQR)
 (C:\Program Files\MiKTeX\tex/latex/graphics\graphicx.sty
Package: graphicx 2020/12/05 v1.2c Enhanced LaTeX Graphics (DPC,SPQR)
 (C:\Program Files\MiKTeX\tex/latex/graphics\keyval.sty
Package: keyval 2014/10/28 v1.15 key=value parser (DPC)
\KV@toks@=\toks17
) (C:\Program Files\MiKTeX\tex/latex/graphics\graphics.sty
Package: graphics 2021/03/04 v1.4d Standard LaTeX Graphics (DPC,SPQR)
 (C:\Program Files\MiKTeX\tex/latex/graphics\trig.sty
Package: trig 2016/01/03 v1.10 sin cos tan (DPC)
) (C:\Program Files\MiKTeX\tex/latex/graphics-cfg\graphics.cfg
File: graphics.cfg 2016/06/04 v1.11 sample graphics configuration
)
Package graphics Info: Driver file: pdftex.def on input line 107.
 (C:\Program Files\MiKTeX\tex/latex/graphics-def\pdftex.def
File: pdftex.def 2020/10/05 v1.2a Graphics/color driver for pdftex
))
\Gin@req@height=\dimen139
\Gin@req@width=\dimen140
)
\epsfxsize=\dimen141
\epsfysize=\dimen142
) (C:\Program Files\MiKTeX\tex/latex/base\latexsym.sty
Package: latexsym 1998/08/17 v2.2e Standard LaTeX package (lasy symbols)
\symlasy=\mathgroup6
LaTeX Font Info:    Overwriting symbol font `lasy' in version `bold'
(Font)                  U/lasy/m/n --> U/lasy/b/n on input line 52.
) (C:\Program Files\MiKTeX\tex/latex/tools\multicol.sty
Package: multicol 2019/12/09 v1.8y multicolumn formatting (FMi)
\c@tracingmulticols=\count190
\mult@box=\box50
\multicol@leftmargin=\dimen143
\c@unbalance=\count191
\c@collectmore=\count192
\doublecol@number=\count193
\multicoltolerance=\count194
\multicolpretolerance=\count195
\full@width=\dimen144
\page@free=\dimen145
\premulticols=\dimen146
\postmulticols=\dimen147
\multicolsep=\skip49
\multicolbaselineskip=\skip50
\partial@page=\box51
\last@line=\box52
\maxbalancingoverflow=\dimen148
\mult@rightbox=\box53
\mult@grightbox=\box54
\mult@gfirstbox=\box55
\mult@firstbox=\box56
\@tempa=\box57
\@tempa=\box58
\@tempa=\box59
\@tempa=\box60
\@tempa=\box61
\@tempa=\box62
\@tempa=\box63
\@tempa=\box64
\@tempa=\box65
\@tempa=\box66
\@tempa=\box67
\@tempa=\box68
\@tempa=\box69
\@tempa=\box70
\@tempa=\box71
\@tempa=\box72
\@tempa=\box73
\@tempa=\box74
\@tempa=\box75
\@tempa=\box76
\@tempa=\box77
\@tempa=\box78
\@tempa=\box79
\@tempa=\box80
\@tempa=\box81
\@tempa=\box82
\@tempa=\box83
\@tempa=\box84
\@tempa=\box85
\@tempa=\box86
\@tempa=\box87
\@tempa=\box88
\@tempa=\box89
\@tempa=\box90
\@tempa=\box91
\@tempa=\box92
\@tempa=\box93
\c@minrows=\count196
\c@columnbadness=\count197
\c@finalcolumnbadness=\count198
\last@try=\dimen149
\multicolovershoot=\dimen150
\multicolundershoot=\dimen151
\mult@nat@firstbox=\box94
\colbreak@box=\box95
\mc@col@check@num=\count199
) (C:\Program Files\MiKTeX\tex/latex/tools\array.sty
Package: array 2021/04/20 v2.5e Tabular extension package (FMi)
\col@sep=\dimen152
\ar@mcellbox=\box96
\extrarowheight=\dimen153
\NC@list=\toks18
\extratabsurround=\skip51
\backup@length=\skip52
\ar@cellbox=\box97
) (C:\Program Files\MiKTeX\tex/latex/tools\hhline.sty
Package: hhline 2020/01/04 v2.04 Table rule package (DPC)
) (C:\Program Files\MiKTeX\tex/latex/fancyhdr\fancyhdr.sty
Package: fancyhdr 2021/01/28 v4.0.1 Extensive control of page headers and footers
\f@nch@headwidth=\skip53
\f@nch@O@elh=\skip54
\f@nch@O@erh=\skip55
\f@nch@O@olh=\skip56
\f@nch@O@orh=\skip57
\f@nch@O@elf=\skip58
\f@nch@O@erf=\skip59
\f@nch@O@olf=\skip60
\f@nch@O@orf=\skip61
) (C:\Program Files\MiKTeX\tex/latex/amsmath\amsmath.sty
Package: amsmath 2021/04/20 v2.17j AMS math features
\@mathmargin=\skip62

For additional information on amsmath, use the `?' option.
(C:\Program Files\MiKTeX\tex/latex/amsmath\amstext.sty
Package: amstext 2000/06/29 v2.01 AMS text
 (C:\Program Files\MiKTeX\tex/latex/amsmath\amsgen.sty
File: amsgen.sty 1999/11/30 v2.0 generic functions
\@emptytoks=\toks19
\ex@=\dimen154
)) (C:\Program Files\MiKTeX\tex/latex/amsmath\amsbsy.sty
Package: amsbsy 1999/11/29 v1.2d Bold Symbols
\pmbraise@=\dimen155
) (C:\Program Files\MiKTeX\tex/latex/amsmath\amsopn.sty
Package: amsopn 2016/03/08 v2.02 operator names
)
\inf@bad=\count266
LaTeX Info: Redefining \frac on input line 234.
\uproot@=\count267
\leftroot@=\count268
LaTeX Info: Redefining \overline on input line 399.
\classnum@=\count269
\DOTSCASE@=\count270
LaTeX Info: Redefining \ldots on input line 496.
LaTeX Info: Redefining \dots on input line 499.
LaTeX Info: Redefining \cdots on input line 620.
\Mathstrutbox@=\box98
\strutbox@=\box99
\big@size=\dimen156
LaTeX Font Info:    Redeclaring font encoding OML on input line 743.
LaTeX Font Info:    Redeclaring font encoding OMS on input line 744.
\macc@depth=\count271
\c@MaxMatrixCols=\count272
\dotsspace@=\muskip16
\c@parentequation=\count273
\dspbrk@lvl=\count274
\tag@help=\toks20
\row@=\count275
\column@=\count276
\maxfields@=\count277
\andhelp@=\toks21
\eqnshift@=\dimen157
\alignsep@=\dimen158
\tagshift@=\dimen159
\tagwidth@=\dimen160
\totwidth@=\dimen161
\lineht@=\dimen162
\@envbody=\toks22
\multlinegap=\skip63
\multlinetaggap=\skip64
\mathdisplay@stack=\toks23
LaTeX Info: Redefining \[ on input line 2923.
LaTeX Info: Redefining \] on input line 2924.
) (C:\Program Files\MiKTeX\tex/latex/lastpage\lastpage.sty
Package: lastpage 2021/09/03 v1.2n Refers to last page's name (HMM; JPG)
) (C:\Program Files\MiKTeX\tex/latex/algorithm2e\algorithm2e.sty
Package: algorithm2e 2017/07/18 v5.2 algorithms environments
\c@AlgoLine=\count278
 (C:\Program Files\MiKTeX\tex/latex/base\ifthen.sty
Package: ifthen 2020/11/24 v1.1c Standard LaTeX ifthen package (DPC)
)
\algocf@hangindent=\skip65
 (C:\Program Files\MiKTeX\tex/latex/ifoddpage\ifoddpage.sty
Package: ifoddpage 2016/04/23 v1.1 Conditionals for odd/even page detection
\c@checkoddpage=\count279
) (C:\Program Files\MiKTeX\tex/latex/tools\xspace.sty
Package: xspace 2014/10/28 v1.13 Space after command names (DPC,MH)
) (C:\Program Files\MiKTeX\tex/latex/relsize\relsize.sty
Package: relsize 2013/03/29 ver 4.1
)
\skiptotal=\skip66
\skiplinenumber=\skip67
\skiprule=\skip68
\skiphlne=\skip69
\skiptext=\skip70
\skiplength=\skip71
\algomargin=\skip72
\skipalgocfslide=\skip73
\algowidth=\dimen163
\inoutsize=\dimen164
\inoutindent=\dimen165
\interspacetitleruled=\dimen166
\interspacealgoruled=\dimen167
\interspacetitleboxruled=\dimen168
\algocf@ruledwidth=\skip74
\algocf@inoutbox=\box100
\algocf@inputbox=\box101
\AlCapSkip=\skip75
\AlCapHSkip=\skip76
\algoskipindent=\skip77
\algocf@nlbox=\box102
\algocf@hangingbox=\box103
\algocf@untilbox=\box104
\algocf@skipuntil=\skip78
\algocf@capbox=\box105
\algocf@lcaptionbox=\skip79
\algoheightruledefault=\skip80
\algoheightrule=\skip81
\algotitleheightruledefault=\skip82
\algotitleheightrule=\skip83
\c@algocfline=\count280
\c@algocfproc=\count281
\c@algocf=\count282
\algocf@algoframe=\box106
\algocf@algobox=\box107
) (C:\Program Files\MiKTeX\tex/latex/tools\enumerate.sty
Package: enumerate 2015/07/23 v3.00 enumerate extensions (DPC)
\@enLab=\toks24
) (C:\Program Files\MiKTeX\tex/latex/graphics\color.sty
Package: color 2020/02/24 v1.2b Standard LaTeX Color (DPC)
 (C:\Program Files\MiKTeX\tex/latex/graphics-cfg\color.cfg
File: color.cfg 2016/01/02 v1.6 sample color configuration
)
Package color Info: Driver file: pdftex.def on input line 149.
) (C:\Program Files\MiKTeX\tex/latex/tools\tabularx.sty
Package: tabularx 2020/01/15 v2.11c `tabularx' package (DPC)
\TX@col@width=\dimen169
\TX@old@table=\dimen170
\TX@old@col=\dimen171
\TX@target=\dimen172
\TX@delta=\dimen173
\TX@cols=\count283
\TX@ftn=\toks25
) (C:\Program Files\MiKTeX\tex/latex/caption\caption.sty
Package: caption 2020/10/26 v3.5g Customizing captions (AR)
 (C:\Program Files\MiKTeX\tex/latex/caption\caption3.sty
Package: caption3 2020/10/21 v2.2e caption3 kernel (AR)
\captionmargin=\dimen174
\captionmargin@=\dimen175
\captionwidth=\dimen176
\caption@tempdima=\dimen177
\caption@indent=\dimen178
\caption@parindent=\dimen179
\caption@hangindent=\dimen180
Package caption Info: Standard document class detected.
)
\c@caption@flags=\count284
\c@continuedfloat=\count285
) (C:\Program Files\MiKTeX\tex/latex/multirow\multirow.sty
Package: multirow 2021/03/15 v2.8 Span multiple rows of a table
\multirow@colwidth=\skip84
\multirow@cntb=\count286
\multirow@dima=\skip85
\bigstrutjot=\dimen181
) (C:\Program Files\MiKTeX\tex/latex/graphics\rotating.sty
Package: rotating 2016/08/11 v2.16d rotated objects in LaTeX
\c@r@tfl@t=\count287
\rotFPtop=\skip86
\rotFPbot=\skip87
\rot@float@box=\box108
\rot@mess@toks=\toks26
) (C:\Program Files\MiKTeX\tex/latex/geometry\geometry.sty
Package: geometry 2020/01/02 v5.9 Page Geometry
 (C:\Program Files\MiKTeX\tex/generic/iftex\ifvtex.sty
Package: ifvtex 2019/10/25 v1.7 ifvtex legacy package. Use iftex instead.
 (C:\Program Files\MiKTeX\tex/generic/iftex\iftex.sty
Package: iftex 2020/03/06 v1.0d TeX engine tests
))
\Gm@cnth=\count288
\Gm@cntv=\count289
\c@Gm@tempcnt=\count290
\Gm@bindingoffset=\dimen182
\Gm@wd@mp=\dimen183
\Gm@odd@mp=\dimen184
\Gm@even@mp=\dimen185
\Gm@layoutwidth=\dimen186
\Gm@layoutheight=\dimen187
\Gm@layouthoffset=\dimen188
\Gm@layoutvoffset=\dimen189
\Gm@dimlist=\toks27
 (C:\Program Files\MiKTeX\tex/latex/geometry\geometry.cfg)) (C:\Program Files\MiKTeX\tex/latex/setspace\setspace.sty
Package: setspace 2011/12/19 v6.7a set line spacing
) (C:\Program Files\MiKTeX\tex/latex/pgf/frontendlayer\tikz.sty (C:\Program Files\MiKTeX\tex/latex/pgf/basiclayer\pgf.sty (C:\Program Files\MiKTeX\tex/latex/pgf/utilities\pgfrcs.sty (C:\Program Files\MiKTeX\tex/generic/pgf/utilities\pgfutil-common.tex
\pgfutil@everybye=\toks28
\pgfutil@tempdima=\dimen190
\pgfutil@tempdimb=\dimen191
 (C:\Program Files\MiKTeX\tex/generic/pgf/utilities\pgfutil-common-lists.tex)) (C:\Program Files\MiKTeX\tex/generic/pgf/utilities\pgfutil-latex.def
\pgfutil@abb=\box109
) (C:\Program Files\MiKTeX\tex/generic/pgf/utilities\pgfrcs.code.tex (C:\Program Files\MiKTeX\tex/generic/pgf\pgf.revision.tex)
Package: pgfrcs 2021/05/15 v3.1.9a (3.1.9a)
))
Package: pgf 2021/05/15 v3.1.9a (3.1.9a)
 (C:\Program Files\MiKTeX\tex/latex/pgf/basiclayer\pgfcore.sty (C:\Program Files\MiKTeX\tex/latex/pgf/systemlayer\pgfsys.sty (C:\Program Files\MiKTeX\tex/generic/pgf/systemlayer\pgfsys.code.tex
Package: pgfsys 2021/05/15 v3.1.9a (3.1.9a)
 (C:\Program Files\MiKTeX\tex/generic/pgf/utilities\pgfkeys.code.tex
\pgfkeys@pathtoks=\toks29
\pgfkeys@temptoks=\toks30
 (C:\Program Files\MiKTeX\tex/generic/pgf/utilities\pgfkeysfiltered.code.tex
\pgfkeys@tmptoks=\toks31
))
\pgf@x=\dimen192
\pgf@y=\dimen193
\pgf@xa=\dimen194
\pgf@ya=\dimen195
\pgf@xb=\dimen196
\pgf@yb=\dimen197
\pgf@xc=\dimen198
\pgf@yc=\dimen199
\pgf@xd=\dimen256
\pgf@yd=\dimen257
\w@pgf@writea=\write3
\r@pgf@reada=\read2
\c@pgf@counta=\count291
\c@pgf@countb=\count292
\c@pgf@countc=\count293
\c@pgf@countd=\count294
\t@pgf@toka=\toks32
\t@pgf@tokb=\toks33
\t@pgf@tokc=\toks34
\pgf@sys@id@count=\count295
 (C:\Program Files\MiKTeX\tex/generic/pgf/systemlayer\pgf.cfg
File: pgf.cfg 2021/05/15 v3.1.9a (3.1.9a)
)
Driver file for pgf: pgfsys-pdftex.def
 (C:\Program Files\MiKTeX\tex/generic/pgf/systemlayer\pgfsys-pdftex.def
File: pgfsys-pdftex.def 2021/05/15 v3.1.9a (3.1.9a)
 (C:\Program Files\MiKTeX\tex/generic/pgf/systemlayer\pgfsys-common-pdf.def
File: pgfsys-common-pdf.def 2021/05/15 v3.1.9a (3.1.9a)
))) (C:\Program Files\MiKTeX\tex/generic/pgf/systemlayer\pgfsyssoftpath.code.tex
File: pgfsyssoftpath.code.tex 2021/05/15 v3.1.9a (3.1.9a)
\pgfsyssoftpath@smallbuffer@items=\count296
\pgfsyssoftpath@bigbuffer@items=\count297
) (C:\Program Files\MiKTeX\tex/generic/pgf/systemlayer\pgfsysprotocol.code.tex
File: pgfsysprotocol.code.tex 2021/05/15 v3.1.9a (3.1.9a)
)) (C:\Program Files\MiKTeX\tex/latex/xcolor\xcolor.sty
Package: xcolor 2016/05/11 v2.12 LaTeX color extensions (UK)
 (C:\Program Files\MiKTeX\tex/latex/graphics-cfg\color.cfg
File: color.cfg 2016/01/02 v1.6 sample color configuration
)
Package xcolor Info: Driver file: pdftex.def on input line 225.
LaTeX Info: Redefining \color on input line 709.
Package xcolor Info: Model `cmy' substituted by `cmy0' on input line 1348.
Package xcolor Info: Model `hsb' substituted by `rgb' on input line 1352.
Package xcolor Info: Model `RGB' extended on input line 1364.
Package xcolor Info: Model `HTML' substituted by `rgb' on input line 1366.
Package xcolor Info: Model `Hsb' substituted by `hsb' on input line 1367.
Package xcolor Info: Model `tHsb' substituted by `hsb' on input line 1368.
Package xcolor Info: Model `HSB' substituted by `hsb' on input line 1369.
Package xcolor Info: Model `Gray' substituted by `gray' on input line 1370.
Package xcolor Info: Model `wave' substituted by `hsb' on input line 1371.
) (C:\Program Files\MiKTeX\tex/generic/pgf/basiclayer\pgfcore.code.tex
Package: pgfcore 2021/05/15 v3.1.9a (3.1.9a)
 (C:\Program Files\MiKTeX\tex/generic/pgf/math\pgfmath.code.tex (C:\Program Files\MiKTeX\tex/generic/pgf/math\pgfmathcalc.code.tex (C:\Program Files\MiKTeX\tex/generic/pgf/math\pgfmathutil.code.tex) (C:\Program Files\MiKTeX\tex/generic/pgf/math\pgfmathparser.code.tex
\pgfmath@dimen=\dimen258
\pgfmath@count=\count298
\pgfmath@box=\box110
\pgfmath@toks=\toks35
\pgfmath@stack@operand=\toks36
\pgfmath@stack@operation=\toks37
) (C:\Program Files\MiKTeX\tex/generic/pgf/math\pgfmathfunctions.code.tex (C:\Program Files\MiKTeX\tex/generic/pgf/math\pgfmathfunctions.basic.code.tex) (C:\Program Files\MiKTeX\tex/generic/pgf/math\pgfmathfunctions.trigonometric.code.tex) (C:\Program Files\MiKTeX\tex/generic/pgf/math\pgfmathfunctions.random.code.tex) (C:\Program Files\MiKTeX\tex/generic/pgf/math\pgfmathfunctions.comparison.code.tex) (C:\Program Files\MiKTeX\tex/generic/pgf/math\pgfmathfunctions.base.code.tex) (C:\Program Files\MiKTeX\tex/generic/pgf/math\pgfmathfunctions.round.code.tex) (C:\Program Files\MiKTeX\tex/generic/pgf/math\pgfmathfunctions.misc.code.tex) (C:\Program Files\MiKTeX\tex/generic/pgf/math\pgfmathfunctions.integerarithmetics.code.tex))) (C:\Program Files\MiKTeX\tex/generic/pgf/math\pgfmathfloat.code.tex
\c@pgfmathroundto@lastzeros=\count299
)) (C:\Program Files\MiKTeX\tex/generic/pgf/math\pgfint.code.tex) (C:\Program Files\MiKTeX\tex/generic/pgf/basiclayer\pgfcorepoints.code.tex
File: pgfcorepoints.code.tex 2021/05/15 v3.1.9a (3.1.9a)
\pgf@picminx=\dimen259
\pgf@picmaxx=\dimen260
\pgf@picminy=\dimen261
\pgf@picmaxy=\dimen262
\pgf@pathminx=\dimen263
\pgf@pathmaxx=\dimen264
\pgf@pathminy=\dimen265
\pgf@pathmaxy=\dimen266
\pgf@xx=\dimen267
\pgf@xy=\dimen268
\pgf@yx=\dimen269
\pgf@yy=\dimen270
\pgf@zx=\dimen271
\pgf@zy=\dimen272
) (C:\Program Files\MiKTeX\tex/generic/pgf/basiclayer\pgfcorepathconstruct.code.tex
File: pgfcorepathconstruct.code.tex 2021/05/15 v3.1.9a (3.1.9a)
\pgf@path@lastx=\dimen273
\pgf@path@lasty=\dimen274
) (C:\Program Files\MiKTeX\tex/generic/pgf/basiclayer\pgfcorepathusage.code.tex
File: pgfcorepathusage.code.tex 2021/05/15 v3.1.9a (3.1.9a)
\pgf@shorten@end@additional=\dimen275
\pgf@shorten@start@additional=\dimen276
) (C:\Program Files\MiKTeX\tex/generic/pgf/basiclayer\pgfcorescopes.code.tex
File: pgfcorescopes.code.tex 2021/05/15 v3.1.9a (3.1.9a)
\pgfpic=\box111
\pgf@hbox=\box112
\pgf@layerbox@main=\box113
\pgf@picture@serial@count=\count300
) (C:\Program Files\MiKTeX\tex/generic/pgf/basiclayer\pgfcoregraphicstate.code.tex
File: pgfcoregraphicstate.code.tex 2021/05/15 v3.1.9a (3.1.9a)
\pgflinewidth=\dimen277
) (C:\Program Files\MiKTeX\tex/generic/pgf/basiclayer\pgfcoretransformations.code.tex
File: pgfcoretransformations.code.tex 2021/05/15 v3.1.9a (3.1.9a)
\pgf@pt@x=\dimen278
\pgf@pt@y=\dimen279
\pgf@pt@temp=\dimen280
) (C:\Program Files\MiKTeX\tex/generic/pgf/basiclayer\pgfcorequick.code.tex
File: pgfcorequick.code.tex 2021/05/15 v3.1.9a (3.1.9a)
) (C:\Program Files\MiKTeX\tex/generic/pgf/basiclayer\pgfcoreobjects.code.tex
File: pgfcoreobjects.code.tex 2021/05/15 v3.1.9a (3.1.9a)
) (C:\Program Files\MiKTeX\tex/generic/pgf/basiclayer\pgfcorepathprocessing.code.tex
File: pgfcorepathprocessing.code.tex 2021/05/15 v3.1.9a (3.1.9a)
) (C:\Program Files\MiKTeX\tex/generic/pgf/basiclayer\pgfcorearrows.code.tex
File: pgfcorearrows.code.tex 2021/05/15 v3.1.9a (3.1.9a)
\pgfarrowsep=\dimen281
) (C:\Program Files\MiKTeX\tex/generic/pgf/basiclayer\pgfcoreshade.code.tex
File: pgfcoreshade.code.tex 2021/05/15 v3.1.9a (3.1.9a)
\pgf@max=\dimen282
\pgf@sys@shading@range@num=\count301
\pgf@shadingcount=\count302
) (C:\Program Files\MiKTeX\tex/generic/pgf/basiclayer\pgfcoreimage.code.tex
File: pgfcoreimage.code.tex 2021/05/15 v3.1.9a (3.1.9a)
 (C:\Program Files\MiKTeX\tex/generic/pgf/basiclayer\pgfcoreexternal.code.tex
File: pgfcoreexternal.code.tex 2021/05/15 v3.1.9a (3.1.9a)
\pgfexternal@startupbox=\box114
)) (C:\Program Files\MiKTeX\tex/generic/pgf/basiclayer\pgfcorelayers.code.tex
File: pgfcorelayers.code.tex 2021/05/15 v3.1.9a (3.1.9a)
) (C:\Program Files\MiKTeX\tex/generic/pgf/basiclayer\pgfcoretransparency.code.tex
File: pgfcoretransparency.code.tex 2021/05/15 v3.1.9a (3.1.9a)
) (C:\Program Files\MiKTeX\tex/generic/pgf/basiclayer\pgfcorepatterns.code.tex
File: pgfcorepatterns.code.tex 2021/05/15 v3.1.9a (3.1.9a)
) (C:\Program Files\MiKTeX\tex/generic/pgf/basiclayer\pgfcorerdf.code.tex
File: pgfcorerdf.code.tex 2021/05/15 v3.1.9a (3.1.9a)
))) (C:\Program Files\MiKTeX\tex/generic/pgf/modules\pgfmoduleshapes.code.tex
File: pgfmoduleshapes.code.tex 2021/05/15 v3.1.9a (3.1.9a)
\pgfnodeparttextbox=\box115
) (C:\Program Files\MiKTeX\tex/generic/pgf/modules\pgfmoduleplot.code.tex
File: pgfmoduleplot.code.tex 2021/05/15 v3.1.9a (3.1.9a)
) (C:\Program Files\MiKTeX\tex/latex/pgf/compatibility\pgfcomp-version-0-65.sty
Package: pgfcomp-version-0-65 2021/05/15 v3.1.9a (3.1.9a)
\pgf@nodesepstart=\dimen283
\pgf@nodesepend=\dimen284
) (C:\Program Files\MiKTeX\tex/latex/pgf/compatibility\pgfcomp-version-1-18.sty
Package: pgfcomp-version-1-18 2021/05/15 v3.1.9a (3.1.9a)
)) (C:\Program Files\MiKTeX\tex/latex/pgf/utilities\pgffor.sty (C:\Program Files\MiKTeX\tex/latex/pgf/utilities\pgfkeys.sty (C:\Program Files\MiKTeX\tex/generic/pgf/utilities\pgfkeys.code.tex)) (C:\Program Files\MiKTeX\tex/latex/pgf/math\pgfmath.sty (C:\Program Files\MiKTeX\tex/generic/pgf/math\pgfmath.code.tex)) (C:\Program Files\MiKTeX\tex/generic/pgf/utilities\pgffor.code.tex
Package: pgffor 2021/05/15 v3.1.9a (3.1.9a)
 (C:\Program Files\MiKTeX\tex/generic/pgf/math\pgfmath.code.tex)
\pgffor@iter=\dimen285
\pgffor@skip=\dimen286
\pgffor@stack=\toks38
\pgffor@toks=\toks39
)) (C:\Program Files\MiKTeX\tex/generic/pgf/frontendlayer/tikz\tikz.code.tex
Package: tikz 2021/05/15 v3.1.9a (3.1.9a)
 (C:\Program Files\MiKTeX\tex/generic/pgf/libraries\pgflibraryplothandlers.code.tex
File: pgflibraryplothandlers.code.tex 2021/05/15 v3.1.9a (3.1.9a)
\pgf@plot@mark@count=\count303
\pgfplotmarksize=\dimen287
)
\tikz@lastx=\dimen288
\tikz@lasty=\dimen289
\tikz@lastxsaved=\dimen290
\tikz@lastysaved=\dimen291
\tikz@lastmovetox=\dimen292
\tikz@lastmovetoy=\dimen293
\tikzleveldistance=\dimen294
\tikzsiblingdistance=\dimen295
\tikz@figbox=\box116
\tikz@figbox@bg=\box117
\tikz@tempbox=\box118
\tikz@tempbox@bg=\box119
\tikztreelevel=\count304
\tikznumberofchildren=\count305
\tikznumberofcurrentchild=\count306
\tikz@fig@count=\count307
 (C:\Program Files\MiKTeX\tex/generic/pgf/modules\pgfmodulematrix.code.tex
File: pgfmodulematrix.code.tex 2021/05/15 v3.1.9a (3.1.9a)
\pgfmatrixcurrentrow=\count308
\pgfmatrixcurrentcolumn=\count309
\pgf@matrix@numberofcolumns=\count310
)
\tikz@expandcount=\count311
 (C:\Program Files\MiKTeX\tex/generic/pgf/frontendlayer/tikz/libraries\tikzlibrarytopaths.code.tex
File: tikzlibrarytopaths.code.tex 2021/05/15 v3.1.9a (3.1.9a)
))) (C:\Program Files\MiKTeX\tex/generic/pgf/frontendlayer/tikz/libraries\tikzlibraryarrows.code.tex
File: tikzlibraryarrows.code.tex 2021/05/15 v3.1.9a (3.1.9a)
 (C:\Program Files\MiKTeX\tex/generic/pgf/libraries\pgflibraryarrows.code.tex
File: pgflibraryarrows.code.tex 2021/05/15 v3.1.9a (3.1.9a)
\arrowsize=\dimen296
)) (C:\Program Files\MiKTeX\tex/generic/pgf/frontendlayer/tikz/libraries\tikzlibrarybackgrounds.code.tex
File: tikzlibrarybackgrounds.code.tex 2021/05/15 v3.1.9a (3.1.9a)
\pgf@layerbox@background=\box120
\pgf@layerboxsaved@background=\box121
) (C:\Program Files\MiKTeX\tex/latex/hyperref\hyperref.sty
Package: hyperref 2021-06-07 v7.00m Hypertext links for LaTeX
 (C:\Program Files\MiKTeX\tex/generic/ltxcmds\ltxcmds.sty
Package: ltxcmds 2020-05-10 v1.25 LaTeX kernel commands for general use (HO)
) (C:\Program Files\MiKTeX\tex/generic/pdftexcmds\pdftexcmds.sty
Package: pdftexcmds 2020-06-27 v0.33 Utility functions of pdfTeX for LuaTeX (HO)
 (C:\Program Files\MiKTeX\tex/generic/infwarerr\infwarerr.sty
Package: infwarerr 2019/12/03 v1.5 Providing info/warning/error messages (HO)
)
Package pdftexcmds Info: \pdf@primitive is available.
Package pdftexcmds Info: \pdf@ifprimitive is available.
Package pdftexcmds Info: \pdfdraftmode found.
) (C:\Program Files\MiKTeX\tex/generic/kvsetkeys\kvsetkeys.sty
Package: kvsetkeys 2019/12/15 v1.18 Key value parser (HO)
) (C:\Program Files\MiKTeX\tex/generic/kvdefinekeys\kvdefinekeys.sty
Package: kvdefinekeys 2019-12-19 v1.6 Define keys (HO)
) (C:\Program Files\MiKTeX\tex/generic/pdfescape\pdfescape.sty
Package: pdfescape 2019/12/09 v1.15 Implements pdfTeX's escape features (HO)
) (C:\Program Files\MiKTeX\tex/latex/hycolor\hycolor.sty
Package: hycolor 2020-01-27 v1.10 Color options for hyperref/bookmark (HO)
) (C:\Program Files\MiKTeX\tex/latex/letltxmacro\letltxmacro.sty
Package: letltxmacro 2019/12/03 v1.6 Let assignment for LaTeX macros (HO)
) (C:\Program Files\MiKTeX\tex/latex/auxhook\auxhook.sty
Package: auxhook 2019-12-17 v1.6 Hooks for auxiliary files (HO)
) (C:\Program Files\MiKTeX\tex/latex/kvoptions\kvoptions.sty
Package: kvoptions 2020-10-07 v3.14 Key value format for package options (HO)
)
\@linkdim=\dimen297
\Hy@linkcounter=\count312
\Hy@pagecounter=\count313
 (C:\Program Files\MiKTeX\tex/latex/hyperref\pd1enc.def
File: pd1enc.def 2021-06-07 v7.00m Hyperref: PDFDocEncoding definition (HO)
Now handling font encoding PD1 ...
... no UTF-8 mapping file for font encoding PD1
) (C:\Program Files\MiKTeX\tex/latex/hyperref\hyperref-langpatches.def
File: hyperref-langpatches.def 2021-06-07 v7.00m Hyperref: patches for babel languages
) (C:\Program Files\MiKTeX\tex/generic/intcalc\intcalc.sty
Package: intcalc 2019/12/15 v1.3 Expandable calculations with integers (HO)
) (C:\Program Files\MiKTeX\tex/generic/etexcmds\etexcmds.sty
Package: etexcmds 2019/12/15 v1.7 Avoid name clashes with e-TeX commands (HO)
)
\Hy@SavedSpaceFactor=\count314
 (C:\Program Files\MiKTeX\tex/latex/hyperref\puenc.def
File: puenc.def 2021-06-07 v7.00m Hyperref: PDF Unicode definition (HO)
Now handling font encoding PU ...
... no UTF-8 mapping file for font encoding PU
)
Package hyperref Info: Hyper figures OFF on input line 4192.
Package hyperref Info: Link nesting OFF on input line 4197.
Package hyperref Info: Hyper index ON on input line 4200.
Package hyperref Info: Plain pages OFF on input line 4207.
Package hyperref Info: Backreferencing OFF on input line 4212.
Package hyperref Info: Implicit mode ON; LaTeX internals redefined.
Package hyperref Info: Bookmarks ON on input line 4445.
\c@Hy@tempcnt=\count315
 (C:\Program Files\MiKTeX\tex/latex/url\url.sty
\Urlmuskip=\muskip17
Package: url 2013/09/16  ver 3.4  Verb mode for urls, etc.
)
LaTeX Info: Redefining \url on input line 4804.
\XeTeXLinkMargin=\dimen298
 (C:\Program Files\MiKTeX\tex/generic/bitset\bitset.sty
Package: bitset 2019/12/09 v1.3 Handle bit-vector datatype (HO)
 (C:\Program Files\MiKTeX\tex/generic/bigintcalc\bigintcalc.sty
Package: bigintcalc 2019/12/15 v1.5 Expandable calculations on big integers (HO)
))
\Fld@menulength=\count316
\Field@Width=\dimen299
\Fld@charsize=\dimen300
Package hyperref Info: Hyper figures OFF on input line 6076.
Package hyperref Info: Link nesting OFF on input line 6081.
Package hyperref Info: Hyper index ON on input line 6084.
Package hyperref Info: backreferencing OFF on input line 6091.
Package hyperref Info: Link coloring OFF on input line 6096.
Package hyperref Info: Link coloring with OCG OFF on input line 6101.
Package hyperref Info: PDF/A mode OFF on input line 6106.
LaTeX Info: Redefining \ref on input line 6146.
LaTeX Info: Redefining \pageref on input line 6150.
 (C:\Program Files\MiKTeX\tex/latex/base\atbegshi-ltx.sty
Package: atbegshi-ltx 2021/01/10 v1.0c Emulation of the original atbegshi
package with kernel methods
)
\Hy@abspage=\count317
\c@Item=\count318
\c@Hfootnote=\count319
)
Package hyperref Info: Driver (autodetected): hpdftex.
 (C:\Program Files\MiKTeX\tex/latex/hyperref\hpdftex.def
File: hpdftex.def 2021-06-07 v7.00m Hyperref driver for pdfTeX
 (C:\Program Files\MiKTeX\tex/latex/base\atveryend-ltx.sty
Package: atveryend-ltx 2020/08/19 v1.0a Emulation of the original atvery package
with kernel methods
)
\Fld@listcount=\count320
\c@bookmark@seq@number=\count321
 (C:\Program Files\MiKTeX\tex/latex/rerunfilecheck\rerunfilecheck.sty
Package: rerunfilecheck 2019/12/05 v1.9 Rerun checks for auxiliary files (HO)
 (C:\Program Files\MiKTeX\tex/generic/uniquecounter\uniquecounter.sty
Package: uniquecounter 2019/12/15 v1.4 Provide unlimited unique counter (HO)
)
Package uniquecounter Info: New unique counter `rerunfilecheck' on input line 286.
)
\Hy@SectionHShift=\skip88
) (C:\Program Files\MiKTeX\tex/latex/listings\listings.sty
\lst@mode=\count322
\lst@gtempboxa=\box122
\lst@token=\toks40
\lst@length=\count323
\lst@currlwidth=\dimen301
\lst@column=\count324
\lst@pos=\count325
\lst@lostspace=\dimen302
\lst@width=\dimen303
\lst@newlines=\count326
\lst@lineno=\count327
\lst@maxwidth=\dimen304
 (C:\Program Files\MiKTeX\tex/latex/listings\lstmisc.sty
File: lstmisc.sty 2020/03/24 1.8d (Carsten Heinz)
\c@lstnumber=\count328
\lst@skipnumbers=\count329
\lst@framebox=\box123
) (C:\Program Files\MiKTeX\tex/latex/listings\listings.cfg
File: listings.cfg 2020/03/24 1.8d listings configuration
))
Package: listings 2020/03/24 1.8d (Carsten Heinz)
 (C:\Program Files\MiKTeX\tex/latex/float\float.sty
Package: float 2001/11/08 v1.3d Float enhancements (AL)
\c@float@type=\count330
\float@exts=\toks41
\float@box=\box124
\@float@everytoks=\toks42
\@floatcapt=\box125
) (C:\Program Files\MiKTeX\tex/latex/newverbs\newverbs.sty
Package: newverbs 2021/01/06 v1.6 Define new 'verb' commands and short verb. characters
Package newverbs Info: Patching 'TX@vb' macro of the 'tabularx' package. on input line 95.
 (C:\Program Files\MiKTeX\tex/latex/base\shortvrb.sty
Package: shortvrb 2021/05/28 v2.1n Standard LaTeX documentation package (FMi)
)) (C:\Program Files\MiKTeX\tex/latex/mdframed\mdframed.sty
Package: mdframed 2013/07/01 1.9b: mdframed
 (C:\Program Files\MiKTeX\tex/latex/l3packages/xparse\xparse.sty (C:\Program Files\MiKTeX\tex/latex/l3kernel\expl3.sty
Package: expl3 2021-08-27 L3 programming layer (loader) 
 (C:\Program Files\MiKTeX\tex/latex/l3backend\l3backend-pdftex.def
File: l3backend-pdftex.def 2021-08-04 L3 backend support: PDF output (pdfTeX)
\l__color_backend_stack_int=\count331
\l__pdf_internal_box=\box126
))
Package: xparse 2021-08-27 L3 Experimental document command parser
) (C:\Program Files\MiKTeX\tex/latex/etoolbox\etoolbox.sty
Package: etoolbox 2020/10/05 v2.5k e-TeX tools for LaTeX (JAW)
\etb@tempcnta=\count332
) (C:\Program Files\MiKTeX\tex/latex/zref\zref-abspage.sty
Package: zref-abspage 2020-07-03 v2.32 Module abspage for zref (HO)
 (C:\Program Files\MiKTeX\tex/latex/zref\zref-base.sty
Package: zref-base 2020-07-03 v2.32 Module base for zref (HO)
Package zref Info: New property list: main on input line 764.
Package zref Info: New property: default on input line 765.
Package zref Info: New property: page on input line 766.
)
\c@abspage=\count333
Package zref Info: New property: abspage on input line 66.
) (C:\Program Files\MiKTeX\tex/latex/needspace\needspace.sty
Package: needspace 2010/09/12 v1.3d reserve vertical space
)
\mdf@templength=\skip89
\c@mdf@globalstyle@cnt=\count334
\mdf@skipabove@length=\skip90
\mdf@skipbelow@length=\skip91
\mdf@leftmargin@length=\skip92
\mdf@rightmargin@length=\skip93
\mdf@innerleftmargin@length=\skip94
\mdf@innerrightmargin@length=\skip95
\mdf@innertopmargin@length=\skip96
\mdf@innerbottommargin@length=\skip97
\mdf@splittopskip@length=\skip98
\mdf@splitbottomskip@length=\skip99
\mdf@outermargin@length=\skip100
\mdf@innermargin@length=\skip101
\mdf@linewidth@length=\skip102
\mdf@innerlinewidth@length=\skip103
\mdf@middlelinewidth@length=\skip104
\mdf@outerlinewidth@length=\skip105
\mdf@roundcorner@length=\skip106
\mdf@footenotedistance@length=\skip107
\mdf@userdefinedwidth@length=\skip108
\mdf@needspace@length=\skip109
\mdf@frametitleaboveskip@length=\skip110
\mdf@frametitlebelowskip@length=\skip111
\mdf@frametitlerulewidth@length=\skip112
\mdf@frametitleleftmargin@length=\skip113
\mdf@frametitlerightmargin@length=\skip114
\mdf@shadowsize@length=\skip115
\mdf@extratopheight@length=\skip116
\mdf@subtitleabovelinewidth@length=\skip117
\mdf@subtitlebelowlinewidth@length=\skip118
\mdf@subtitleaboveskip@length=\skip119
\mdf@subtitlebelowskip@length=\skip120
\mdf@subtitleinneraboveskip@length=\skip121
\mdf@subtitleinnerbelowskip@length=\skip122
\mdf@subsubtitleabovelinewidth@length=\skip123
\mdf@subsubtitlebelowlinewidth@length=\skip124
\mdf@subsubtitleaboveskip@length=\skip125
\mdf@subsubtitlebelowskip@length=\skip126
\mdf@subsubtitleinneraboveskip@length=\skip127
\mdf@subsubtitleinnerbelowskip@length=\skip128
 (C:\Program Files\MiKTeX\tex/latex/mdframed\md-frame-0.mdf
File: md-frame-0.mdf 2013/07/01\ 1.9b: md-frame-0
)
\mdf@frametitlebox=\box127
\mdf@footnotebox=\box128
\mdf@splitbox@one=\box129
\mdf@splitbox@two=\box130
\mdf@splitbox@save=\box131
\mdfsplitboxwidth=\skip129
\mdfsplitboxtotalwidth=\skip130
\mdfsplitboxheight=\skip131
\mdfsplitboxdepth=\skip132
\mdfsplitboxtotalheight=\skip133
\mdfframetitleboxwidth=\skip134
\mdfframetitleboxtotalwidth=\skip135
\mdfframetitleboxheight=\skip136
\mdfframetitleboxdepth=\skip137
\mdfframetitleboxtotalheight=\skip138
\mdffootnoteboxwidth=\skip139
\mdffootnoteboxtotalwidth=\skip140
\mdffootnoteboxheight=\skip141
\mdffootnoteboxdepth=\skip142
\mdffootnoteboxtotalheight=\skip143
\mdftotallinewidth=\skip144
\mdfboundingboxwidth=\skip145
\mdfboundingboxtotalwidth=\skip146
\mdfboundingboxheight=\skip147
\mdfboundingboxdepth=\skip148
\mdfboundingboxtotalheight=\skip149
\mdf@freevspace@length=\skip150
\mdf@horizontalwidthofbox@length=\skip151
\mdf@verticalmarginwhole@length=\skip152
\mdf@horizontalspaceofbox=\skip153
\mdfsubtitleheight=\skip154
\mdfsubsubtitleheight=\skip155
\c@mdfcountframes=\count335

****** mdframed patching \endmdf@trivlist

****** -- success******

\mdf@envdepth=\count336
\c@mdf@env@i=\count337
\c@mdf@env@ii=\count338
\c@mdf@zref@counter=\count339
Package zref Info: New property: mdf@pagevalue on input line 895.
) (C:\Program Files\MiKTeX\tex/latex/fnpct\fnpct.sty (C:\Program Files\MiKTeX\tex/latex/l3packages/l3keys2e\l3keys2e.sty
Package: l3keys2e 2021-08-27 LaTeX2e option processing using LaTeX3 keys
)
Package: fnpct 2021/01/21 v1.0 footnote kerning
\l__fnpct_collection_int=\count340
\l__fnpct_before_footnote_dim=\dimen305
\l__fnpct_before_dot_dim=\dimen306
\l__fnpct_after_dot_dim=\dimen307
\l__fnpct_before_comma_dim=\dimen308
\l__fnpct_after_comma_dim=\dimen309
\l__fnpct_before_collect_dim=\dimen310
\l__fnpct_after_collect_dim=\dimen311
 (C:\Program Files\MiKTeX\tex/latex/translations\translations.sty
Package: translations 2021/01/17 v1.10a internationalization of LaTeX2e packages (CN)
)) (C:\Program Files\MiKTeX\tex/latex/lm\lmodern.sty
Package: lmodern 2009/10/30 v1.6 Latin Modern Fonts
LaTeX Font Info:    Overwriting symbol font `operators' in version `normal'
(Font)                  OT1/cmr/m/n --> OT1/lmr/m/n on input line 22.
LaTeX Font Info:    Overwriting symbol font `letters' in version `normal'
(Font)                  OML/cmm/m/it --> OML/lmm/m/it on input line 23.
LaTeX Font Info:    Overwriting symbol font `symbols' in version `normal'
(Font)                  OMS/cmsy/m/n --> OMS/lmsy/m/n on input line 24.
LaTeX Font Info:    Overwriting symbol font `largesymbols' in version `normal'
(Font)                  OMX/cmex/m/n --> OMX/lmex/m/n on input line 25.
LaTeX Font Info:    Overwriting symbol font `operators' in version `bold'
(Font)                  OT1/cmr/bx/n --> OT1/lmr/bx/n on input line 26.
LaTeX Font Info:    Overwriting symbol font `letters' in version `bold'
(Font)                  OML/cmm/b/it --> OML/lmm/b/it on input line 27.
LaTeX Font Info:    Overwriting symbol font `symbols' in version `bold'
(Font)                  OMS/cmsy/b/n --> OMS/lmsy/b/n on input line 28.
LaTeX Font Info:    Overwriting symbol font `largesymbols' in version `bold'
(Font)                  OMX/cmex/m/n --> OMX/lmex/m/n on input line 29.
LaTeX Font Info:    Overwriting math alphabet `\mathbf' in version `normal'
(Font)                  OT1/cmr/bx/n --> OT1/lmr/bx/n on input line 31.
LaTeX Font Info:    Overwriting math alphabet `\mathsf' in version `normal'
(Font)                  OT1/cmss/m/n --> OT1/lmss/m/n on input line 32.
LaTeX Font Info:    Overwriting math alphabet `\mathit' in version `normal'
(Font)                  OT1/cmr/m/it --> OT1/lmr/m/it on input line 33.
LaTeX Font Info:    Overwriting math alphabet `\mathtt' in version `normal'
(Font)                  OT1/cmtt/m/n --> OT1/lmtt/m/n on input line 34.
LaTeX Font Info:    Overwriting math alphabet `\mathbf' in version `bold'
(Font)                  OT1/cmr/bx/n --> OT1/lmr/bx/n on input line 35.
LaTeX Font Info:    Overwriting math alphabet `\mathsf' in version `bold'
(Font)                  OT1/cmss/bx/n --> OT1/lmss/bx/n on input line 36.
LaTeX Font Info:    Overwriting math alphabet `\mathit' in version `bold'
(Font)                  OT1/cmr/bx/it --> OT1/lmr/bx/it on input line 37.
LaTeX Font Info:    Overwriting math alphabet `\mathtt' in version `bold'
(Font)                  OT1/cmtt/m/n --> OT1/lmtt/m/n on input line 38.
) (C:\Program Files\MiKTeX\tex/latex/base\inputenc.sty
Package: inputenc 2021/02/14 v1.3d Input encoding file
\inpenc@prehook=\toks43
\inpenc@posthook=\toks44
) (C:\Program Files\MiKTeX\tex/latex/minted\minted.sty
Package: minted 2017/07/19 v2.5 Yet another Pygments shim for LaTeX
 (C:\Program Files\MiKTeX\tex/latex/fvextra\fvextra.sty
Package: fvextra 2019/02/04 v1.4 fvextra - extensions and patches for fancyvrb
 (C:\Program Files\MiKTeX\tex/latex/fancyvrb\fancyvrb.sty
Package: fancyvrb 2021/08/12 v3.8 verbatim text (tvz,hv)
\FV@CodeLineNo=\count341
\FV@InFile=\read3
\FV@TabBox=\box132
\c@FancyVerbLine=\count342
\FV@StepNumber=\count343
\FV@OutFile=\write4
) (C:\Program Files\MiKTeX\tex/latex/upquote\upquote.sty
Package: upquote 2012/04/19 v1.3 upright-quote and grave-accent glyphs in verbatim
 (C:\Program Files\MiKTeX\tex/latex/base\textcomp.sty
Package: textcomp 2020/02/02 v2.0n Standard LaTeX package
)) (C:\Program Files\MiKTeX\tex/latex/lineno\lineno.sty
Package: lineno 2005/11/02 line numbers on paragraphs v4.41
\linenopenalty=\count344
\output=\toks45
\linenoprevgraf=\count345
\linenumbersep=\dimen312
\linenumberwidth=\dimen313
\c@linenumber=\count346
\c@pagewiselinenumber=\count347
\c@LN@truepage=\count348
\c@internallinenumber=\count349
\c@internallinenumbers=\count350
\quotelinenumbersep=\dimen314
\bframerule=\dimen315
\bframesep=\dimen316
\bframebox=\box133
LaTeX Info: Redefining \\ on input line 3056.
)
\c@FV@TrueTabGroupLevel=\count351
\c@FV@TrueTabCounter=\count352
\FV@TabBox@Group=\box134
\FV@TmpLength=\skip156
\c@FV@HighlightLinesStart=\count353
\c@FV@HighlightLinesStop=\count354
\FV@LoopCount=\count355
\FV@NCharsBox=\box135
\FV@BreakIndent=\dimen317
\FV@BreakIndentNChars=\count356
\FV@BreakSymbolSepLeft=\dimen318
\FV@BreakSymbolSepLeftNChars=\count357
\FV@BreakSymbolSepRight=\dimen319
\FV@BreakSymbolSepRightNChars=\count358
\FV@BreakSymbolIndentLeft=\dimen320
\FV@BreakSymbolIndentLeftNChars=\count359
\FV@BreakSymbolIndentRight=\dimen321
\FV@BreakSymbolIndentRightNChars=\count360
\c@FancyVerbLineBreakLast=\count361
\FV@LineBox=\box136
\FV@LineIndentBox=\box137
\FV@LineWidth=\dimen322
) (C:\Program Files\MiKTeX\tex/latex/tools\calc.sty
Package: calc 2017/05/25 v4.3 Infix arithmetic (KKT,FJ)
\calc@Acount=\count362
\calc@Bcount=\count363
\calc@Adimen=\dimen323
\calc@Bdimen=\dimen324
\calc@Askip=\skip157
\calc@Bskip=\skip158
LaTeX Info: Redefining \setlength on input line 80.
LaTeX Info: Redefining \addtolength on input line 81.
\calc@Ccount=\count364
\calc@Cskip=\skip159
) (C:\Program Files\MiKTeX\tex/latex/tools\shellesc.sty
Package: shellesc 2019/11/08 v1.0c unified shell escape interface for LaTeX
Package shellesc Info: Unrestricted shell escape enabled on input line 75.
) (C:\Program Files\MiKTeX\tex/latex/ifplatform\ifplatform.sty
Package: ifplatform 2017/10/13 v0.4a Testing for the operating system
 (C:\Program Files\MiKTeX\tex/generic/catchfile\catchfile.sty
Package: catchfile 2019/12/09 v1.8 Catch the contents of a file (HO)
) (C:\Program Files\MiKTeX\tex/generic/iftex\ifluatex.sty
Package: ifluatex 2019/10/25 v1.5 ifluatex legacy package. Use iftex instead.
)) (C:\Program Files\MiKTeX\tex/latex/xstring\xstring.sty (C:\Program Files\MiKTeX\tex/generic/xstring\xstring.tex
\integerpart=\count365
\decimalpart=\count366
)
Package: xstring 2021/07/21 v1.84 String manipulations (CT)
) (C:\Program Files\MiKTeX\tex/latex/framed\framed.sty
Package: framed 2011/10/22 v 0.96: framed or shaded text with page breaks
\OuterFrameSep=\skip160
\fb@frw=\dimen325
\fb@frh=\dimen326
\FrameRule=\dimen327
\FrameSep=\dimen328
)
\minted@appexistsfile=\read4
\minted@bgbox=\box138
\minted@code=\write5
\c@minted@FancyVerbLineTemp=\count367
\c@minted@pygmentizecounter=\count368
\@float@every@listing=\toks46
\c@listing=\count369
)
runsystem(if not exist _minted-main mkdir _minted-main)...executed.


(C:\Program Files\MiKTeX\tex/latex/adjustbox\adjustbox.sty
Package: adjustbox 2020/08/19 v1.3 Adjusting TeX boxes (trim, clip, ...)
 (C:\Program Files\MiKTeX\tex/latex/xkeyval\xkeyval.sty
Package: xkeyval 2020/11/20 v2.8 package option processing (HA)
 (C:\Program Files\MiKTeX\tex/generic/xkeyval\xkeyval.tex (C:\Program Files\MiKTeX\tex/generic/xkeyval\xkvutils.tex
\XKV@toks=\toks47
\XKV@tempa@toks=\toks48
)
\XKV@depth=\count370
File: xkeyval.tex 2014/12/03 v2.7a key=value parser (HA)
)) (C:\Program Files\MiKTeX\tex/latex/adjustbox\adjcalc.sty
Package: adjcalc 2012/05/16 v1.1 Provides advanced setlength with multiple back-ends (calc, etex, pgfmath)
) (C:\Program Files\MiKTeX\tex/latex/adjustbox\trimclip.sty
Package: trimclip 2020/08/19 v1.2 Trim and clip general TeX material
 (C:\Program Files\MiKTeX\tex/latex/collectbox\collectbox.sty
Package: collectbox 2012/05/17 v0.4b Collect macro arguments as boxes
\collectedbox=\box139
)
\tc@llx=\dimen329
\tc@lly=\dimen330
\tc@urx=\dimen331
\tc@ury=\dimen332
Package trimclip Info: Using driver 'tc-pdftex.def'.
 (C:\Program Files\MiKTeX\tex/latex/adjustbox\tc-pdftex.def
File: tc-pdftex.def 2019/01/04 v2.2 Clipping driver for pdftex
))
\adjbox@Width=\dimen333
\adjbox@Height=\dimen334
\adjbox@Depth=\dimen335
\adjbox@Totalheight=\dimen336
\adjbox@pwidth=\dimen337
\adjbox@pheight=\dimen338
\adjbox@pdepth=\dimen339
\adjbox@ptotalheight=\dimen340
 (C:\Program Files\MiKTeX\tex/latex/varwidth\varwidth.sty
Package: varwidth 2009/03/30 ver 0.92;  Variable-width minipages
\@vwid@box=\box140
\sift@deathcycles=\count371
\@vwid@loff=\dimen341
\@vwid@roff=\dimen342
)) (C:\Program Files\MiKTeX\tex/latex/titlesec\titlesec.sty
Package: titlesec 2021/07/05 v2.14 Sectioning titles
\ttl@box=\box141
\beforetitleunit=\skip161
\aftertitleunit=\skip162
\ttl@plus=\dimen343
\ttl@minus=\dimen344
\ttl@toksa=\toks49
\titlewidth=\dimen345
\titlewidthlast=\dimen346
\titlewidthfirst=\dimen347
)
Package hyperref Info: Option `colorlinks' set `true' on input line 67.
\c@theorem=\count372
\c@property=\count373
\c@proposition=\count374
\c@subsubsubsection=\count375
Package translations Info: No language package found. I am going to use `english' as default language. on input line 126.
runsystem(for ^%i in (pygmentize.exe pygmentize.bat pygmentize.cmd) do set > main.aex <nul: /p x=^%~$PATH:i>> main.aex)...executed.

runsystem(del main.aex)...executed.

LaTeX Font Info:    Trying to load font information for OT1+lmr on input line 126.
 (C:\Program Files\MiKTeX\tex/latex/lm\ot1lmr.fd
File: ot1lmr.fd 2009/10/30 v1.6 Font defs for Latin Modern
) (main.aux)
\openout1 = `main.aux'.

LaTeX Font Info:    Checking defaults for OML/cmm/m/it on input line 126.
LaTeX Font Info:    ... okay on input line 126.
LaTeX Font Info:    Checking defaults for OMS/cmsy/m/n on input line 126.
LaTeX Font Info:    ... okay on input line 126.
LaTeX Font Info:    Checking defaults for OT1/cmr/m/n on input line 126.
LaTeX Font Info:    ... okay on input line 126.
LaTeX Font Info:    Checking defaults for T1/cmr/m/n on input line 126.
LaTeX Font Info:    ... okay on input line 126.
LaTeX Font Info:    Checking defaults for TS1/cmr/m/n on input line 126.
LaTeX Font Info:    ... okay on input line 126.
LaTeX Font Info:    Checking defaults for OMX/cmex/m/n on input line 126.
LaTeX Font Info:    ... okay on input line 126.
LaTeX Font Info:    Checking defaults for U/cmr/m/n on input line 126.
LaTeX Font Info:    ... okay on input line 126.
LaTeX Font Info:    Checking defaults for PD1/pdf/m/n on input line 126.
LaTeX Font Info:    ... okay on input line 126.
LaTeX Font Info:    Checking defaults for PU/pdf/m/n on input line 126.
LaTeX Font Info:    ... okay on input line 126.
 (C:\Program Files\MiKTeX\tex/context/base/mkii\supp-pdf.mkii
[Loading MPS to PDF converter (version 2006.09.02).]
\scratchcounter=\count376
\scratchdimen=\dimen348
\scratchbox=\box142
\nofMPsegments=\count377
\nofMParguments=\count378
\everyMPshowfont=\toks50
\MPscratchCnt=\count379
\MPscratchDim=\dimen349
\MPnumerator=\count380
\makeMPintoPDFobject=\count381
\everyMPtoPDFconversion=\toks51
) (C:\Program Files\MiKTeX\tex/latex/epstopdf-pkg\epstopdf-base.sty
Package: epstopdf-base 2020-01-24 v2.11 Base part for package epstopdf
Package epstopdf-base Info: Redefining graphics rule for `.eps' on input line 485.
 (C:\Program Files\MiKTeX\tex/latex/00miktex\epstopdf-sys.cfg
File: epstopdf-sys.cfg 2021/03/18 v2.0 Configuration of epstopdf for MiKTeX
))
Package lastpage Info: Please have a look at the pageslts package at
(lastpage)             https://www.ctan.org/pkg/pageslts
(lastpage)             ! on input line 126.
Package caption Info: Begin \AtBeginDocument code.
Package caption Info: float package is loaded.
Package caption Info: hyperref package is loaded.
Package caption Info: listings package is loaded.
Package caption Info: rotating package is loaded.
Package caption Info: End \AtBeginDocument code.

*geometry* driver: auto-detecting
*geometry* detected driver: pdftex
*geometry* verbose mode - [ preamble ] result:
* driver: pdftex
* paper: a4paper
* layout: <same size as paper>
* layoutoffset:(h,v)=(0.0pt,0.0pt)
* modes: 
* h-part:(L,W,R)=(89.62709pt, 418.25368pt, 89.6271pt)
* v-part:(T,H,B)=(101.40665pt, 591.5302pt, 152.11pt)
* \paperwidth=597.50787pt
* \paperheight=845.04684pt
* \textwidth=418.25368pt
* \textheight=591.5302pt
* \oddsidemargin=17.3571pt
* \evensidemargin=17.3571pt
* \topmargin=-7.86334pt
* \headheight=40.0pt
* \headsep=25.0pt
* \topskip=10.0pt
* \footskip=30.0pt
* \marginparwidth=54.2025pt
* \marginparsep=11.0pt
* \columnsep=10.0pt
* \skip\footins=9.0pt plus 4.0pt minus 2.0pt
* \hoffset=0.0pt
* \voffset=0.0pt
* \mag=1000
* \@twocolumnfalse
* \@twosidefalse
* \@mparswitchfalse
* \@reversemarginfalse
* (1in=72.27pt=25.4mm, 1cm=28.453pt)

Package hyperref Info: Link coloring ON on input line 126.
(C:\Program Files\MiKTeX\tex/latex/hyperref\nameref.sty
Package: nameref 2021-04-02 v2.47 Cross-referencing by name of section
 (C:\Program Files\MiKTeX\tex/latex/refcount\refcount.sty
Package: refcount 2019/12/15 v3.6 Data extraction from label references (HO)
) (C:\Program Files\MiKTeX\tex/generic/gettitlestring\gettitlestring.sty
Package: gettitlestring 2019/12/15 v1.6 Cleanup title references (HO)
)
\c@section@level=\count382
)
LaTeX Info: Redefining \ref on input line 126.
LaTeX Info: Redefining \pageref on input line 126.
LaTeX Info: Redefining \nameref on input line 126.
 (main.out) (main.out)
\@outlinefile=\write6
\openout6 = `main.out'.

\c@lstlisting=\count383
 (C:\Program Files\MiKTeX\tex/latex/translations/dicts\translations-basic-dictionary-english.trsl
File: translations-basic-dictionary-english.trsl (english translation file `translations-basic-dictionary')
)
Package translations Info: loading dictionary `translations-basic-dictionary' for `english'. on input line 126.
<LogoBK.jpg, id=326, 654.445pt x 663.47874pt>
File: LogoBK.jpg Graphic file (type jpg)
<use LogoBK.jpg>
Package pdftex.def Info: LogoBK.jpg  used on input line 139.
(pdftex.def)             Requested size: 85.35826pt x 86.5286pt.
LaTeX Font Info:    Trying to load font information for OML+lmm on input line 148.
 (C:\Program Files\MiKTeX\tex/latex/lm\omllmm.fd
File: omllmm.fd 2009/10/30 v1.6 Font defs for Latin Modern
)
LaTeX Font Info:    Trying to load font information for OMS+lmsy on input line 148.
 (C:\Program Files\MiKTeX\tex/latex/lm\omslmsy.fd
File: omslmsy.fd 2009/10/30 v1.6 Font defs for Latin Modern
)
LaTeX Font Info:    Trying to load font information for OMX+lmex on input line 148.
 (C:\Program Files\MiKTeX\tex/latex/lm\omxlmex.fd
File: omxlmex.fd 2009/10/30 v1.6 Font defs for Latin Modern
)
LaTeX Font Info:    External font `lmex10' loaded for size
(Font)              <10> on input line 148.
LaTeX Font Info:    External font `lmex10' loaded for size
(Font)              <7> on input line 148.
LaTeX Font Info:    External font `lmex10' loaded for size
(Font)              <5> on input line 148.
LaTeX Font Info:    Trying to load font information for U+msa on input line 148.
 (C:\Program Files\MiKTeX\tex/latex/amsfonts\umsa.fd
File: umsa.fd 2013/01/14 v3.01 AMS symbols A
)
LaTeX Font Info:    Trying to load font information for U+msb on input line 148.
 (C:\Program Files\MiKTeX\tex/latex/amsfonts\umsb.fd
File: umsb.fd 2013/01/14 v3.01 AMS symbols B
)
LaTeX Font Info:    Trying to load font information for U+lasy on input line 148.
 (C:\Program Files\MiKTeX\tex/latex/base\ulasy.fd
File: ulasy.fd 1998/08/17 v2.2e LaTeX symbol font definitions
) [1

{C:/Users/Admin/AppData/Local/MiKTeX/pdftex/config/pdftex.map} <./LogoBK.jpg>] (main.toc
File: LogoBK.jpg Graphic file (type jpg)
<use LogoBK.jpg>
Package pdftex.def Info: LogoBK.jpg  used on input line 45.
(pdftex.def)             Requested size: 22.75812pt x 22.75842pt.
LaTeX Font Info:    Trying to load font information for OT1+lmtt on input line 45.
 (C:\Program Files\MiKTeX\tex/latex/lm\ot1lmtt.fd
File: ot1lmtt.fd 2009/10/30 v1.6 Font defs for Latin Modern
)
LaTeX Font Info:    Font shape `OT1/lmtt/bx/n' in size <10> not available
(Font)              Font shape `OT1/lmtt/b/n' tried instead on input line 45.
pdfTeX warning (ext4): destination with the same identifier (name{page.1}) has been already used, duplicate ignored
<to be read again> 
                   \relax 
l.45 ...ple linear regression}{37}{subsection.6.1}
                                                  % [1])
\tf@toc=\write7
\openout7 = `main.toc'.

File: LogoBK.jpg Graphic file (type jpg)
<use LogoBK.jpg>
Package pdftex.def Info: LogoBK.jpg  used on input line 189.
(pdftex.def)             Requested size: 22.75812pt x 22.75842pt.
 [2]
LaTeX Font Info:    Trying to load font information for TS1+lmr on input line 200.
 (C:\Program Files\MiKTeX\tex/latex/lm\ts1lmr.fd
File: ts1lmr.fd 2009/10/30 v1.6 Font defs for Latin Modern
)
Underfull \hbox (badness 10000) in paragraph at lines 210--212

 []

File: LogoBK.jpg Graphic file (type jpg)
<use LogoBK.jpg>
Package pdftex.def Info: LogoBK.jpg  used on input line 220.
(pdftex.def)             Requested size: 22.75812pt x 22.75842pt.
[3]
File: LogoBK.jpg Graphic file (type jpg)
<use LogoBK.jpg>
Package pdftex.def Info: LogoBK.jpg  used on input line 247.
(pdftex.def)             Requested size: 22.75812pt x 22.75842pt.
 [4]
\openout4 = `main.pyg'.

 (_minted-main/default-pyg-prefix.pygstyle) (_minted-main/default.pygstyle) (_minted-main/12A9DE346681AC7A7F40932457FCFA9919F985447EC54E8B82C17FA4B4D93AE9.pygtex)
\openout4 = `main.pyg'.

 (_minted-main/8B72FB2FECDD544FA7DF17A3000229235BD9CFCE54A68914ACB2DCF71641ADB0.pygtex
LaTeX Font Info:    Trying to load font information for TS1+lmtt on input line 5.
 (C:\Program Files\MiKTeX\tex/latex/lm\ts1lmtt.fd
File: ts1lmtt.fd 2009/10/30 v1.6 Font defs for Latin Modern
))
File: LogoBK.jpg Graphic file (type jpg)
<use LogoBK.jpg>
Package pdftex.def Info: LogoBK.jpg  used on input line 287.
(pdftex.def)             Requested size: 22.75812pt x 22.75842pt.
 [5]
File: LogoBK.jpg Graphic file (type jpg)
<use LogoBK.jpg>
Package pdftex.def Info: LogoBK.jpg  used on input line 335.
(pdftex.def)             Requested size: 22.75812pt x 22.75842pt.
 [6]
\openout4 = `main.pyg'.

 (_minted-main/E78B9FA059F9D0C026330F2DC1A4609F19F985447EC54E8B82C17FA4B4D93AE9.pygtex)
<Import/1.png, id=516, 1035.11719pt x 393.72093pt>
File: Import/1.png Graphic file (type png)
<use Import/1.png>
Package pdftex.def Info: Import/1.png  used on input line 362.
(pdftex.def)             Requested size: 418.2567pt x 159.08963pt.
<Clean/1.png, id=517, 873.2625pt x 82.80937pt>
File: Clean/1.png Graphic file (type png)
<use Clean/1.png>
Package pdftex.def Info: Clean/1.png  used on input line 374.
(pdftex.def)             Requested size: 418.25514pt x 39.66211pt.
File: LogoBK.jpg Graphic file (type jpg)
<use LogoBK.jpg>
Package pdftex.def Info: LogoBK.jpg  used on input line 376.
(pdftex.def)             Requested size: 22.75812pt x 22.75842pt.
 [7 <./Import/1.png>]
\openout4 = `main.pyg'.

 (_minted-main/CFC45F60C3418F067BB2D84A5D9ED43219F985447EC54E8B82C17FA4B4D93AE9.pygtex)
<Clean/2.png, id=525, 1036.62282pt x 393.72093pt>
File: Clean/2.png Graphic file (type png)
<use Clean/2.png>
Package pdftex.def Info: Clean/2.png  used on input line 402.
(pdftex.def)             Requested size: 418.264pt x 158.86134pt.
File: LogoBK.jpg Graphic file (type jpg)
<use LogoBK.jpg>
Package pdftex.def Info: LogoBK.jpg  used on input line 404.
(pdftex.def)             Requested size: 22.75812pt x 22.75842pt.
 [8 <./Clean/1.png>]
\openout4 = `main.pyg'.

 (_minted-main/EDC17427302043A31EDB03EB0F4F343719F985447EC54E8B82C17FA4B4D93AE9.pygtex)
<Clean/df_drop.png, id=532, 1382.91656pt x 365.86688pt>
File: Clean/df_drop.png Graphic file (type png)
<use Clean/df_drop.png>
Package pdftex.def Info: Clean/df_drop.png  used on input line 423.
(pdftex.def)             Requested size: 418.25443pt x 110.65413pt.
<Clean/df_drop_summary.png, id=533, 1381.41093pt x 236.38312pt>
File: Clean/df_drop_summary.png Graphic file (type png)
<use Clean/df_drop_summary.png>
Package pdftex.def Info: Clean/df_drop_summary.png  used on input line 427.
(pdftex.def)             Requested size: 418.24171pt x 71.56833pt.
File: LogoBK.jpg Graphic file (type jpg)
<use LogoBK.jpg>
Package pdftex.def Info: LogoBK.jpg  used on input line 429.
(pdftex.def)             Requested size: 22.75812pt x 22.75842pt.
 [9 <./Clean/2.png> <./Clean/df_drop.png>]
\openout4 = `main.pyg'.

 (_minted-main/F598B75D92B5F631DEAED4DCCD6F5B2519F985447EC54E8B82C17FA4B4D93AE9.pygtex)
<Clean/df_mean.png, id=541, 1382.91656pt x 363.60844pt>
File: Clean/df_mean.png Graphic file (type png)
<use Clean/df_mean.png>
Package pdftex.def Info: Clean/df_mean.png  used on input line 442.
(pdftex.def)             Requested size: 418.25443pt x 109.97108pt.
<Clean/df_mean_summary.png, id=542, 1381.41093pt x 237.88875pt>
File: Clean/df_mean_summary.png Graphic file (type png)
<use Clean/df_mean_summary.png>
Package pdftex.def Info: Clean/df_mean_summary.png  used on input line 446.
(pdftex.def)             Requested size: 418.24171pt x 72.02417pt.
\openout4 = `main.pyg'.

 (_minted-main/93A8B6A188C10C165BDB8A26CF8DC9ED19F985447EC54E8B82C17FA4B4D93AE9.pygtex)
File: LogoBK.jpg Graphic file (type jpg)
<use LogoBK.jpg>
Package pdftex.def Info: LogoBK.jpg  used on input line 457.
(pdftex.def)             Requested size: 22.75812pt x 22.75842pt.
 [10 <./Clean/df_drop_summary.png> <./Clean/df_mean.png> <./Clean/df_mean_summary.png>]
Package mdframed Info: Not enough space on this page on input line 457.
<Clean/df_median.png, id=552, 1381.41093pt x 363.60844pt>
File: Clean/df_median.png Graphic file (type png)
<use Clean/df_median.png>
Package pdftex.def Info: Clean/df_median.png  used on input line 460.
(pdftex.def)             Requested size: 418.24171pt x 110.08759pt.
<Clean/df_median_summary.png, id=553, 1381.41093pt x 237.88875pt>
File: Clean/df_median_summary.png Graphic file (type png)
<use Clean/df_median_summary.png>
Package pdftex.def Info: Clean/df_median_summary.png  used on input line 464.
(pdftex.def)             Requested size: 418.24171pt x 72.02417pt.
LaTeX Font Info:    External font `lmex10' loaded for size
(Font)              <8> on input line 471.
LaTeX Font Info:    External font `lmex10' loaded for size
(Font)              <6> on input line 471.

Underfull \hbox (badness 10000) in paragraph at lines 468--472

 []


Underfull \hbox (badness 10000) in paragraph at lines 468--472

 []


Underfull \hbox (badness 10000) in paragraph at lines 468--472

 []

File: LogoBK.jpg Graphic file (type jpg)
<use LogoBK.jpg>
Package pdftex.def Info: LogoBK.jpg  used on input line 478.
(pdftex.def)             Requested size: 22.75812pt x 22.75842pt.
[11 <./Clean/df_median.png> <./Clean/df_median_summary.png>]
\openout4 = `main.pyg'.

 (_minted-main/DCDE5B95C28306BEFB85A3042CC57A8219F985447EC54E8B82C17FA4B4D93AE9.pygtex)
<Clean/df_knn.png, id=572, 1381.41093pt x 362.85562pt>
File: Clean/df_knn.png Graphic file (type png)
<use Clean/df_knn.png>
Package pdftex.def Info: Clean/df_knn.png  used on input line 498.
(pdftex.def)             Requested size: 418.24171pt x 109.85966pt.
<Clean/df_knn_summary.png, id=573, 1382.16376pt x 237.88875pt>
File: Clean/df_knn_summary.png Graphic file (type png)
<use Clean/df_knn_summary.png>
Package pdftex.def Info: Clean/df_knn_summary.png  used on input line 502.
(pdftex.def)             Requested size: 418.23764pt x 71.98424pt.
\openout4 = `main.pyg'.

 (_minted-main/A765C833E04735654941E303495206E319F985447EC54E8B82C17FA4B4D93AE9.pygtex)
Underfull \hbox (badness 10000) in paragraph at lines 510--513

 []

File: LogoBK.jpg Graphic file (type jpg)
<use LogoBK.jpg>
Package pdftex.def Info: LogoBK.jpg  used on input line 516.
(pdftex.def)             Requested size: 22.75812pt x 22.75842pt.
[12 <./Clean/df_knn.png> <./Clean/df_knn_summary.png>]
Underfull \hbox (badness 10000) in paragraph at lines 517--520

 []


Underfull \hbox (badness 10000) in paragraph at lines 517--520

 []

\openout4 = `main.pyg'.

(_minted-main/DBD874A0D0419AE2FE0AFE1671730B6D19F985447EC54E8B82C17FA4B4D93AE9.pygtex)
<Visualization/Transformation/1.png, id=586, 1004.25188pt x 413.29407pt>
File: Visualization/Transformation/1.png Graphic file (type png)
<use Visualization/Transformation/1.png>
Package pdftex.def Info: Visualization/Transformation/1.png  used on input line 545.
(pdftex.def)             Requested size: 418.25848pt x 172.13185pt.
File: LogoBK.jpg Graphic file (type jpg)
<use LogoBK.jpg>
Package pdftex.def Info: LogoBK.jpg  used on input line 547.
(pdftex.def)             Requested size: 22.75812pt x 22.75842pt.
 [13]
\openout4 = `main.pyg'.

 (_minted-main/35B038EEFE40BD91C6B9DCD0D94735FE19F985447EC54E8B82C17FA4B4D93AE9.pygtex)
File: LogoBK.jpg Graphic file (type jpg)
<use LogoBK.jpg>
Package pdftex.def Info: LogoBK.jpg  used on input line 567.
(pdftex.def)             Requested size: 22.75812pt x 22.75842pt.
 [14 <./Visualization/Transformation/1.png>]
<Visualization/Descriptive/2.png, id=599, 873.2625pt x 153.57375pt>
File: Visualization/Descriptive/2.png Graphic file (type png)
<use Visualization/Descriptive/2.png>
Package pdftex.def Info: Visualization/Descriptive/2.png  used on input line 570.
(pdftex.def)             Requested size: 418.25514pt x 73.5552pt.
\openout4 = `main.pyg'.

 (_minted-main/C097943F1250B1DA35E57528CAE9892B19F985447EC54E8B82C17FA4B4D93AE9.pygtex)
\openout4 = `main.pyg'.

 (_minted-main/DB75C949458FE3124F6DCFA11A907A2119F985447EC54E8B82C17FA4B4D93AE9.pygtex)
<Visualization/Hist/release_price.pdf, id=600, 420.57124pt x 597.23125pt>
File: Visualization/Hist/release_price.pdf Graphic file (type pdf)
<use Visualization/Hist/release_price.pdf>
Package pdftex.def Info: Visualization/Hist/release_price.pdf  used on input line 598.
(pdftex.def)             Requested size: 416.585pt x 591.5706pt.
<Visualization/Hist/log.release_price.pdf, id=601, 420.57124pt x 597.23125pt>
File: Visualization/Hist/log.release_price.pdf Graphic file (type pdf)
<use Visualization/Hist/log.release_price.pdf>
Package pdftex.def Info: Visualization/Hist/log.release_price.pdf  used on input line 599.
(pdftex.def)             Requested size: 416.585pt x 591.5706pt.
File: LogoBK.jpg Graphic file (type jpg)
<use LogoBK.jpg>
Package pdftex.def Info: LogoBK.jpg  used on input line 602.
(pdftex.def)             Requested size: 22.75812pt x 22.75842pt.
 [15 <./Visualization/Descriptive/2.png>]
\openout4 = `main.pyg'.

 (_minted-main/E49347A90ED6642BD81A7511E727F9E619F985447EC54E8B82C17FA4B4D93AE9.pygtex)
<Visualization/Hist/release_year.pdf, id=612, 420.57124pt x 597.23125pt>
File: Visualization/Hist/release_year.pdf Graphic file (type pdf)
<use Visualization/Hist/release_year.pdf>
Package pdftex.def Info: Visualization/Hist/release_year.pdf  used on input line 613.
(pdftex.def)             Requested size: 416.585pt x 591.5706pt.
<Visualization/Hist/log.release_year.pdf, id=613, 420.57124pt x 597.23125pt>
File: Visualization/Hist/log.release_year.pdf Graphic file (type pdf)
<use Visualization/Hist/log.release_year.pdf>
Package pdftex.def Info: Visualization/Hist/log.release_year.pdf  used on input line 614.
(pdftex.def)             Requested size: 416.585pt x 591.5706pt.
File: LogoBK.jpg Graphic file (type jpg)
<use LogoBK.jpg>
Package pdftex.def Info: LogoBK.jpg  used on input line 617.
(pdftex.def)             Requested size: 22.75812pt x 22.75842pt.
 [16 <./Visualization/Hist/release_price.pdf> <./Visualization/Hist/log.release_price.pdf>]
Underfull \hbox (badness 10000) in paragraph at lines 618--620

 []

\openout4 = `main.pyg'.

(_minted-main/F29BFAE34BFD1CC68AEE3AD1D6DA909F19F985447EC54E8B82C17FA4B4D93AE9.pygtex)
<Visualization/Hist/release_year_dis.pdf, id=631, 844.15375pt x 597.23125pt>
File: Visualization/Hist/release_year_dis.pdf Graphic file (type pdf)
<use Visualization/Hist/release_year_dis.pdf>
Package pdftex.def Info: Visualization/Hist/release_year_dis.pdf  used on input line 630.
(pdftex.def)             Requested size: 418.26314pt x 295.91743pt.
File: LogoBK.jpg Graphic file (type jpg)
<use LogoBK.jpg>
Package pdftex.def Info: LogoBK.jpg  used on input line 632.
(pdftex.def)             Requested size: 22.75812pt x 22.75842pt.
 [17 <./Visualization/Hist/release_year.pdf> <./Visualization/Hist/log.release_year.pdf>]
\openout4 = `main.pyg'.

 (_minted-main/E592147D4A6CC2DB79B4F416C46D7B5319F985447EC54E8B82C17FA4B4D93AE9.pygtex)
File: LogoBK.jpg Graphic file (type jpg)
<use LogoBK.jpg>
Package pdftex.def Info: LogoBK.jpg  used on input line 650.
(pdftex.def)             Requested size: 22.75812pt x 22.75842pt.
 [18 <./Visualization/Hist/release_year_dis.pdf>]
Package mdframed Info: Not enough space on this page on input line 650.
<Visualization/Boxplot/price_shader.pdf, id=661, 597.23125pt x 420.57124pt>
File: Visualization/Boxplot/price_shader.pdf Graphic file (type pdf)
<use Visualization/Boxplot/price_shader.pdf>
Package pdftex.def Info: Visualization/Boxplot/price_shader.pdf  used on input line 653.
(pdftex.def)             Requested size: 418.2595pt x 294.53905pt.
<Visualization/Boxplot/mem_bus.pdf, id=662, 597.23125pt x 420.57124pt>
File: Visualization/Boxplot/mem_bus.pdf Graphic file (type pdf)
<use Visualization/Boxplot/mem_bus.pdf>
Package pdftex.def Info: Visualization/Boxplot/mem_bus.pdf  used on input line 659.
(pdftex.def)             Requested size: 418.2595pt x 294.53905pt.
<Visualization/Boxplot/mem_speed_bus.pdf, id=663, 597.23125pt x 420.57124pt>
File: Visualization/Boxplot/mem_speed_bus.pdf Graphic file (type pdf)
<use Visualization/Boxplot/mem_speed_bus.pdf>
Package pdftex.def Info: Visualization/Boxplot/mem_speed_bus.pdf  used on input line 660.
(pdftex.def)             Requested size: 418.2595pt x 294.53905pt.
File: LogoBK.jpg Graphic file (type jpg)
<use LogoBK.jpg>
Package pdftex.def Info: LogoBK.jpg  used on input line 663.
(pdftex.def)             Requested size: 22.75812pt x 22.75842pt.
 [19 <./Visualization/Boxplot/price_shader.pdf>]
\openout4 = `main.pyg'.

 (_minted-main/1D76294F62C3990F45C52BC5F6F3843219F985447EC54E8B82C17FA4B4D93AE9.pygtex)
<Visualization/Pairs/price_boostclock.pdf, id=676, 597.23125pt x 420.57124pt>
File: Visualization/Pairs/price_boostclock.pdf Graphic file (type pdf)
<use Visualization/Pairs/price_boostclock.pdf>
Package pdftex.def Info: Visualization/Pairs/price_boostclock.pdf  used on input line 681.
(pdftex.def)             Requested size: 418.2595pt x 294.53905pt.
<Visualization/Pairs/price_corespeed.pdf, id=677, 597.23125pt x 420.57124pt>
File: Visualization/Pairs/price_corespeed.pdf Graphic file (type pdf)
<use Visualization/Pairs/price_corespeed.pdf>
Package pdftex.def Info: Visualization/Pairs/price_corespeed.pdf  used on input line 682.
(pdftex.def)             Requested size: 418.2595pt x 294.53905pt.
<Visualization/Pairs/price_maxpower.pdf, id=678, 597.23125pt x 420.57124pt>
File: Visualization/Pairs/price_maxpower.pdf Graphic file (type pdf)
<use Visualization/Pairs/price_maxpower.pdf>
Package pdftex.def Info: Visualization/Pairs/price_maxpower.pdf  used on input line 683.
(pdftex.def)             Requested size: 418.2595pt x 294.53905pt.
<Visualization/Pairs/price_memory.pdf, id=679, 597.23125pt x 420.57124pt>
File: Visualization/Pairs/price_memory.pdf Graphic file (type pdf)
<use Visualization/Pairs/price_memory.pdf>
Package pdftex.def Info: Visualization/Pairs/price_memory.pdf  used on input line 684.
(pdftex.def)             Requested size: 418.2595pt x 294.53905pt.
<Visualization/Pairs/price_memorybus.pdf, id=680, 597.23125pt x 420.57124pt>
File: Visualization/Pairs/price_memorybus.pdf Graphic file (type pdf)
<use Visualization/Pairs/price_memorybus.pdf>
Package pdftex.def Info: Visualization/Pairs/price_memorybus.pdf  used on input line 685.
(pdftex.def)             Requested size: 418.2595pt x 294.53905pt.
<Visualization/Pairs/price_memoryspeed.pdf, id=681, 597.23125pt x 420.57124pt>
File: Visualization/Pairs/price_memoryspeed.pdf Graphic file (type pdf)
<use Visualization/Pairs/price_memoryspeed.pdf>
Package pdftex.def Info: Visualization/Pairs/price_memoryspeed.pdf  used on input line 686.
(pdftex.def)             Requested size: 418.2595pt x 294.53905pt.
<Visualization/Pairs/price_releaseyear.pdf, id=682, 597.23125pt x 420.57124pt>
File: Visualization/Pairs/price_releaseyear.pdf Graphic file (type pdf)
<use Visualization/Pairs/price_releaseyear.pdf>
Package pdftex.def Info: Visualization/Pairs/price_releaseyear.pdf  used on input line 687.
(pdftex.def)             Requested size: 418.2595pt x 294.53905pt.
<Visualization/Pairs/price_TMUs.pdf, id=683, 597.23125pt x 420.57124pt>
File: Visualization/Pairs/price_TMUs.pdf Graphic file (type pdf)
<use Visualization/Pairs/price_TMUs.pdf>
Package pdftex.def Info: Visualization/Pairs/price_TMUs.pdf  used on input line 688.
(pdftex.def)             Requested size: 418.2595pt x 294.53905pt.
File: LogoBK.jpg Graphic file (type jpg)
<use LogoBK.jpg>
Package pdftex.def Info: LogoBK.jpg  used on input line 691.
(pdftex.def)             Requested size: 22.75812pt x 22.75842pt.
 [20 <./Visualization/Boxplot/mem_bus.pdf> <./Visualization/Boxplot/mem_speed_bus.pdf>]
File: LogoBK.jpg Graphic file (type jpg)
<use LogoBK.jpg>
Package pdftex.def Info: LogoBK.jpg  used on input line 693.
(pdftex.def)             Requested size: 22.75812pt x 22.75842pt.
 [21 <./Visualization/Pairs/price_boostclock.pdf> <./Visualization/Pairs/price_corespeed.pdf> <./Visualization/Pairs/price_maxpower.pdf> <./Visualization/Pairs/price_memory.pdf> <./Visualization/Pairs/price_memorybus.pdf> <./Visualization/Pairs/price_memoryspeed.pdf> <./Visualization/Pairs/price_releaseyear.pdf> <./Visualization/Pairs/price_TMUs.pdf>]
\openout4 = `main.pyg'.

 (_minted-main/301AD70F83B876A447A08CD4F55D5B8A19F985447EC54E8B82C17FA4B4D93AE9.pygtex)
<Visualization/Pairs/mem_price.pdf, id=754, 844.15375pt x 597.23125pt>
File: Visualization/Pairs/mem_price.pdf Graphic file (type pdf)
<use Visualization/Pairs/mem_price.pdf>
Package pdftex.def Info: Visualization/Pairs/mem_price.pdf  used on input line 702.
(pdftex.def)             Requested size: 418.26314pt x 295.91743pt.
<Visualization/Pairs/speed_power_price.pdf, id=755, 844.15375pt x 597.23125pt>
File: Visualization/Pairs/speed_power_price.pdf Graphic file (type pdf)
<use Visualization/Pairs/speed_power_price.pdf>
Package pdftex.def Info: Visualization/Pairs/speed_power_price.pdf  used on input line 706.
(pdftex.def)             Requested size: 376.42651pt x 266.3184pt.
<Visualization/Pairs/rendering_price.pdf, id=756, 844.15375pt x 597.23125pt>
File: Visualization/Pairs/rendering_price.pdf Graphic file (type pdf)
<use Visualization/Pairs/rendering_price.pdf>
Package pdftex.def Info: Visualization/Pairs/rendering_price.pdf  used on input line 710.
(pdftex.def)             Requested size: 376.42651pt x 266.3184pt.
File: LogoBK.jpg Graphic file (type jpg)
<use LogoBK.jpg>
Package pdftex.def Info: LogoBK.jpg  used on input line 711.
(pdftex.def)             Requested size: 22.75812pt x 22.75842pt.
 [22 <./Visualization/Pairs/mem_price.pdf>]
File: LogoBK.jpg Graphic file (type jpg)
<use LogoBK.jpg>
Package pdftex.def Info: LogoBK.jpg  used on input line 719.
(pdftex.def)             Requested size: 22.75812pt x 22.75842pt.
 [23 <./Visualization/Pairs/speed_power_price.pdf> <./Visualization/Pairs/rendering_price.pdf>]
Underfull \hbox (badness 10000) in paragraph at lines 729--732

 []


Underfull \hbox (badness 10000) in paragraph at lines 729--732

 []

\openout4 = `main.pyg'.

(_minted-main/E116AF0037834C11E28CEEA8AFBF906319F985447EC54E8B82C17FA4B4D93AE9.pygtex)
\openout4 = `main.pyg'.

 (_minted-main/61C3B9795179E56DADA93E8EAB4DE0EB19F985447EC54E8B82C17FA4B4D93AE9.pygtex)
Package mdframed Info: Not enough space on this page on input line 751.
File: LogoBK.jpg Graphic file (type jpg)
<use LogoBK.jpg>
Package pdftex.def Info: LogoBK.jpg  used on input line 751.
(pdftex.def)             Requested size: 22.75812pt x 22.75842pt.
 [24]
Package mdframed Info: Not enough space on this page on input line 751.
<Hypothesis/ANOVA/QQ_Plot.pdf, id=796, 597.23125pt x 420.57124pt>
File: Hypothesis/ANOVA/QQ_Plot.pdf Graphic file (type pdf)
<use Hypothesis/ANOVA/QQ_Plot.pdf>
Package pdftex.def Info: Hypothesis/ANOVA/QQ_Plot.pdf  used on input line 754.
(pdftex.def)             Requested size: 418.2595pt x 294.53905pt.
File: LogoBK.jpg Graphic file (type jpg)
<use LogoBK.jpg>
Package pdftex.def Info: LogoBK.jpg  used on input line 765.
(pdftex.def)             Requested size: 22.75812pt x 22.75842pt.
 [25 <./Hypothesis/ANOVA/QQ_Plot.pdf>]
\openout4 = `main.pyg'.

 (_minted-main/9812B04DB28553DB11A0E15419C2257B19F985447EC54E8B82C17FA4B4D93AE9.pygtex)
File: LogoBK.jpg Graphic file (type jpg)
<use LogoBK.jpg>
Package pdftex.def Info: LogoBK.jpg  used on input line 809.
(pdftex.def)             Requested size: 22.75812pt x 22.75842pt.
 [26]
Underfull \hbox (badness 10000) in paragraph at lines 825--829

 []


Underfull \hbox (badness 10000) in paragraph at lines 825--829

 []


Underfull \hbox (badness 10000) in paragraph at lines 833--835

 []

\openout4 = `main.pyg'.

(_minted-main/42BBABD8317DF4194DA8D25006334A6D19F985447EC54E8B82C17FA4B4D93AE9.pygtex)
File: LogoBK.jpg Graphic file (type jpg)
<use LogoBK.jpg>
Package pdftex.def Info: LogoBK.jpg  used on input line 849.
(pdftex.def)             Requested size: 22.75812pt x 22.75842pt.
 [27]
\openout4 = `main.pyg'.

 (_minted-main/B85838008BB5F9D84842C7BE2FC1FEC219F985447EC54E8B82C17FA4B4D93AE9.pygtex)
Underfull \hbox (badness 10000) in paragraph at lines 884--886

 []

File: LogoBK.jpg Graphic file (type jpg)
<use LogoBK.jpg>
Package pdftex.def Info: LogoBK.jpg  used on input line 889.
(pdftex.def)             Requested size: 22.75812pt x 22.75842pt.
[28]
\openout4 = `main.pyg'.

 (_minted-main/7294B94F8B2DD601D2E9D2DC868D322719F985447EC54E8B82C17FA4B4D93AE9.pygtex)
\openout4 = `main.pyg'.

 (_minted-main/C151D36199EF1B89DFFED9745E4F198319F985447EC54E8B82C17FA4B4D93AE9.pygtex)

Package mdframed Warning: You got a bad break
(mdframed)                because the last box will be empty
(mdframed)                you have to change it manually
(mdframed)                by changing the text, the space
(mdframed)                or something else on input line 930.

Package mdframed Info: You first box width is to small
 mdframed fixed it
(mdframed)              on input line 930.
File: LogoBK.jpg Graphic file (type jpg)
<use LogoBK.jpg>
Package pdftex.def Info: LogoBK.jpg  used on input line 930.
(pdftex.def)             Requested size: 22.75812pt x 22.75842pt.
[29]

Package mdframed Warning: You got a bad break
(mdframed)                because the last split box is empty
(mdframed)                You have to change the settings on input line 930.

\openout4 = `main.pyg'.

(_minted-main/6EED64AB29AB637851A443081B1A5C6019F985447EC54E8B82C17FA4B4D93AE9.pygtex)
File: LogoBK.jpg Graphic file (type jpg)
<use LogoBK.jpg>
Package pdftex.def Info: LogoBK.jpg  used on input line 978.
(pdftex.def)             Requested size: 22.75812pt x 22.75842pt.
 [30]
Underfull \hbox (badness 10000) in paragraph at lines 983--986

 []


Underfull \hbox (badness 10000) in paragraph at lines 983--986

 []


Underfull \hbox (badness 10000) in paragraph at lines 992--994

 []

\openout4 = `main.pyg'.

(_minted-main/98CEA1AD6CD7AE5B5A235CD7E5815B9919F985447EC54E8B82C17FA4B4D93AE9.pygtex)
Package mdframed Info: Not enough space on this page on input line 1007.
File: LogoBK.jpg Graphic file (type jpg)
<use LogoBK.jpg>
Package pdftex.def Info: LogoBK.jpg  used on input line 1007.
(pdftex.def)             Requested size: 22.75812pt x 22.75842pt.
 [31]
Package mdframed Info: Not enough space on this page on input line 1007.

Underfull \hbox (badness 10000) in paragraph at lines 1008--1010

 []


Underfull \hbox (badness 10000) in paragraph at lines 1018--1020

 []

\openout4 = `main.pyg'.

(_minted-main/67752AA1D56B7C65B00A9FCEAF9C083219F985447EC54E8B82C17FA4B4D93AE9.pygtex)
Underfull \hbox (badness 10000) in paragraph at lines 1031--1033

 []

\openout4 = `main.pyg'.

(_minted-main/CD70A4148411B6A5DA21A67FF51CBCC719F985447EC54E8B82C17FA4B4D93AE9.pygtex)
\openout4 = `main.pyg'.

 (_minted-main/76B682DD4A5A2850BC5AB5A5B160AD3B19F985447EC54E8B82C17FA4B4D93AE9.pygtex)
Underfull \hbox (badness 10000) in paragraph at lines 1049--1051

 []

File: LogoBK.jpg Graphic file (type jpg)
<use LogoBK.jpg>
Package pdftex.def Info: LogoBK.jpg  used on input line 1051.
(pdftex.def)             Requested size: 22.75812pt x 22.75842pt.
[32]
Underfull \hbox (badness 10000) in paragraph at lines 1054--1057

 []


Underfull \hbox (badness 10000) in paragraph at lines 1054--1057

 []

\openout4 = `main.pyg'.

(_minted-main/C8820F6FDD4200CE425F1DBEEA74F43019F985447EC54E8B82C17FA4B4D93AE9.pygtex)
Underfull \hbox (badness 10000) in paragraph at lines 1069--1074

 []

\openout4 = `main.pyg'.

(_minted-main/779D4FB08C24A849C4E75B71A8EA434D19F985447EC54E8B82C17FA4B4D93AE9.pygtex)
File: LogoBK.jpg Graphic file (type jpg)
<use LogoBK.jpg>
Package pdftex.def Info: LogoBK.jpg  used on input line 1078.
(pdftex.def)             Requested size: 22.75812pt x 22.75842pt.
 [33]
Package mdframed Info: Not enough space on this page on input line 1078.
<Hypothesis/Z-Test/Ztest-QQPlot.pdf, id=927, 597.23125pt x 420.57124pt>
File: Hypothesis/Z-Test/Ztest-QQPlot.pdf Graphic file (type pdf)
<use Hypothesis/Z-Test/Ztest-QQPlot.pdf>
Package pdftex.def Info: Hypothesis/Z-Test/Ztest-QQPlot.pdf  used on input line 1081.
(pdftex.def)             Requested size: 418.2595pt x 294.53905pt.

Underfull \hbox (badness 10000) in paragraph at lines 1083--1086

 []

\openout4 = `main.pyg'.

(_minted-main/46CB1F664D73C18065B46E0B57A6326919F985447EC54E8B82C17FA4B4D93AE9.pygtex)
File: LogoBK.jpg Graphic file (type jpg)
<use LogoBK.jpg>
Package pdftex.def Info: LogoBK.jpg  used on input line 1104.
(pdftex.def)             Requested size: 22.75812pt x 22.75842pt.
 [34 <./Hypothesis/Z-Test/Ztest-QQPlot.pdf>]
\openout4 = `main.pyg'.

 (_minted-main/CF7B11ED527C0A26634F2BD4A777E3C519F985447EC54E8B82C17FA4B4D93AE9.pygtex)
Underfull \hbox (badness 10000) in paragraph at lines 1129--1131

 []

File: LogoBK.jpg Graphic file (type jpg)
<use LogoBK.jpg>
Package pdftex.def Info: LogoBK.jpg  used on input line 1144.
(pdftex.def)             Requested size: 22.75812pt x 22.75842pt.
[35]
\openout4 = `main.pyg'.

 (_minted-main/0CE2362EC124DDEE3F57B3C8020DB91519F985447EC54E8B82C17FA4B4D93AE9.pygtex)
Package mdframed Info: Not enough space on this page on input line 1187.
File: LogoBK.jpg Graphic file (type jpg)
<use LogoBK.jpg>
Package pdftex.def Info: LogoBK.jpg  used on input line 1187.
(pdftex.def)             Requested size: 22.75812pt x 22.75842pt.
 [36]
Package mdframed Info: Not enough space on this page on input line 1187.
LaTeX Font Info:    Trying to load font information for OML+lmr on input line 1195.
 (C:\Program Files\MiKTeX\tex/latex/lm\omllmr.fd
File: omllmr.fd 2009/10/30 v1.6 Font defs for Latin Modern
)
LaTeX Font Info:    Font shape `OML/lmr/m/n' in size <10> not available
(Font)              Font shape `OML/lmm/m/it' tried instead on input line 1195.
\openout4 = `main.pyg'.

 (_minted-main/A04BEEE5C998CE2B4B91CFB78BF9730419F985447EC54E8B82C17FA4B4D93AE9.pygtex)
Underfull \hbox (badness 10000) in paragraph at lines 1221--1224

 []


Underfull \hbox (badness 10000) in paragraph at lines 1221--1224

 []


Underfull \hbox (badness 10000) in paragraph at lines 1221--1224

 []

File: LogoBK.jpg Graphic file (type jpg)
<use LogoBK.jpg>
Package pdftex.def Info: LogoBK.jpg  used on input line 1230.
(pdftex.def)             Requested size: 22.75812pt x 22.75842pt.
[37]
\openout4 = `main.pyg'.

 (_minted-main/7E204CB1F0DB5CEB83C34B8DB87CCF2C19F985447EC54E8B82C17FA4B4D93AE9.pygtex)
Package mdframed Info: Not enough space on this page on input line 1272.
File: LogoBK.jpg Graphic file (type jpg)
<use LogoBK.jpg>
Package pdftex.def Info: LogoBK.jpg  used on input line 1272.
(pdftex.def)             Requested size: 22.75812pt x 22.75842pt.
 [38]
Package mdframed Info: Not enough space on this page on input line 1272.
File: LogoBK.jpg Graphic file (type jpg)
<use LogoBK.jpg>
Package pdftex.def Info: LogoBK.jpg  used on input line 1319.
(pdftex.def)             Requested size: 22.75812pt x 22.75842pt.
 [39]
File: LogoBK.jpg Graphic file (type jpg)
<use LogoBK.jpg>
Package pdftex.def Info: LogoBK.jpg  used on input line 1364.
(pdftex.def)             Requested size: 22.75812pt x 22.75842pt.
 [40]
File: LogoBK.jpg Graphic file (type jpg)
<use LogoBK.jpg>
Package pdftex.def Info: LogoBK.jpg  used on input line 1402.
(pdftex.def)             Requested size: 22.75812pt x 22.75842pt.
 [41]
LaTeX Font Info:    Font shape `OT1/lmtt/bx/n' in size <12> not available
(Font)              Font shape `OT1/lmtt/b/n' tried instead on input line 1425.
File: LogoBK.jpg Graphic file (type jpg)
<use LogoBK.jpg>
Package pdftex.def Info: LogoBK.jpg  used on input line 1444.
(pdftex.def)             Requested size: 22.75812pt x 22.75842pt.
 [42]
\openout4 = `main.pyg'.

 (_minted-main/CC1F24A88CB1FA2215FCB8AB9CADDE6119F985447EC54E8B82C17FA4B4D93AE9.pygtex)
\openout4 = `main.pyg'.

 (_minted-main/3A305402BCB977AB84FA11129EEB5FD119F985447EC54E8B82C17FA4B4D93AE9.pygtex)
File: LogoBK.jpg Graphic file (type jpg)
<use LogoBK.jpg>
Package pdftex.def Info: LogoBK.jpg  used on input line 1489.
(pdftex.def)             Requested size: 22.75812pt x 22.75842pt.
 [43]
Package mdframed Info: Not enough space on this page on input line 1489.

Underfull \hbox (badness 10000) in paragraph at lines 1517--1522

 []


Underfull \hbox (badness 10000) in paragraph at lines 1517--1522

 []


Underfull \hbox (badness 10000) in paragraph at lines 1517--1522

 []


Underfull \hbox (badness 10000) in paragraph at lines 1517--1522

 []

File: LogoBK.jpg Graphic file (type jpg)
<use LogoBK.jpg>
Package pdftex.def Info: LogoBK.jpg  used on input line 1522.
(pdftex.def)             Requested size: 22.75812pt x 22.75842pt.
[44]
\openout4 = `main.pyg'.

 (_minted-main/4684D9D4DBC096BCCCAF9D7A6DD7821619F985447EC54E8B82C17FA4B4D93AE9.pygtex)
Underfull \hbox (badness 10000) in paragraph at lines 1537--1541

 []


Underfull \hbox (badness 10000) in paragraph at lines 1537--1541

 []


Underfull \hbox (badness 10000) in paragraph at lines 1537--1541

 []


Underfull \hbox (badness 10000) in paragraph at lines 1548--1550

 []

File: LogoBK.jpg Graphic file (type jpg)
<use LogoBK.jpg>
Package pdftex.def Info: LogoBK.jpg  used on input line 1555.
(pdftex.def)             Requested size: 22.75812pt x 22.75842pt.
[45]
Underfull \hbox (badness 10000) in paragraph at lines 1563--1566

 []


Underfull \hbox (badness 10000) in paragraph at lines 1563--1566

 []

\openout4 = `main.pyg'.

(_minted-main/B3EBD1644F7A99B5E4BB8A84330F51AD19F985447EC54E8B82C17FA4B4D93AE9.pygtex)
File: LogoBK.jpg Graphic file (type jpg)
<use LogoBK.jpg>
Package pdftex.def Info: LogoBK.jpg  used on input line 1593.
(pdftex.def)             Requested size: 22.75812pt x 22.75842pt.
 [46]
\openout4 = `main.pyg'.

 (_minted-main/3633A05A8DF62D44277CF89F6F3FA2DB19F985447EC54E8B82C17FA4B4D93AE9.pygtex)
\openout4 = `main.pyg'.

 (_minted-main/51725B6969056E07A4DF76CEFC36762B19F985447EC54E8B82C17FA4B4D93AE9.pygtex)
<LRM/Rplot.pdf, id=1111, 597.23125pt x 420.57124pt>
File: LRM/Rplot.pdf Graphic file (type pdf)
<use LRM/Rplot.pdf>
Package pdftex.def Info: LRM/Rplot.pdf  used on input line 1619.
(pdftex.def)             Requested size: 418.2595pt x 294.53905pt.
File: LogoBK.jpg Graphic file (type jpg)
<use LogoBK.jpg>
Package pdftex.def Info: LogoBK.jpg  used on input line 1622.
(pdftex.def)             Requested size: 22.75812pt x 22.75842pt.
 [47 <./LRM/Rplot.pdf>]
Underfull \hbox (badness 10000) in paragraph at lines 1623--1625

 []

\openout4 = `main.pyg'.

(_minted-main/7B382E0E82784E62271CEF3CDFB706C219F985447EC54E8B82C17FA4B4D93AE9.pygtex)
<LRM/Rplot2.pdf, id=1135, 597.23125pt x 420.57124pt>
File: LRM/Rplot2.pdf Graphic file (type pdf)
<use LRM/Rplot2.pdf>
Package pdftex.def Info: LRM/Rplot2.pdf  used on input line 1634.
(pdftex.def)             Requested size: 418.2595pt x 294.53905pt.
File: LogoBK.jpg Graphic file (type jpg)
<use LogoBK.jpg>
Package pdftex.def Info: LogoBK.jpg  used on input line 1638.
(pdftex.def)             Requested size: 22.75812pt x 22.75842pt.
 [48 <./LRM/Rplot2.pdf>]
\openout4 = `main.pyg'.

 (_minted-main/10C9F1E1B4A87072973AC937EA252ABD19F985447EC54E8B82C17FA4B4D93AE9.pygtex)
<LRM/Rplot10.pdf, id=1149, 844.15375pt x 597.23125pt>
File: LRM/Rplot10.pdf Graphic file (type pdf)
<use LRM/Rplot10.pdf>
Package pdftex.def Info: LRM/Rplot10.pdf  used on input line 1662.
(pdftex.def)             Requested size: 418.26314pt x 295.91743pt.
File: LogoBK.jpg Graphic file (type jpg)
<use LogoBK.jpg>
Package pdftex.def Info: LogoBK.jpg  used on input line 1664.
(pdftex.def)             Requested size: 22.75812pt x 22.75842pt.
 [49]
\openout4 = `main.pyg'.

 (_minted-main/D61FF973F71581CA8727BD419738FB8019F985447EC54E8B82C17FA4B4D93AE9.pygtex)
<LRM/Rplot3.pdf, id=1155, 922.44624pt x 393.47pt>
File: LRM/Rplot3.pdf Graphic file (type pdf)
<use LRM/Rplot3.pdf>
Package pdftex.def Info: LRM/Rplot3.pdf  used on input line 1680.
(pdftex.def)             Requested size: 418.24986pt x 178.40472pt.
<LRM/Rplot4.pdf, id=1156, 922.44624pt x 393.47pt>
File: LRM/Rplot4.pdf Graphic file (type pdf)
<use LRM/Rplot4.pdf>
Package pdftex.def Info: LRM/Rplot4.pdf  used on input line 1684.
(pdftex.def)             Requested size: 418.24986pt x 178.40472pt.
File: LogoBK.jpg Graphic file (type jpg)
<use LogoBK.jpg>
Package pdftex.def Info: LogoBK.jpg  used on input line 1685.
(pdftex.def)             Requested size: 22.75812pt x 22.75842pt.
 [50 <./LRM/Rplot10.pdf>]
<LRM/Rplot5.pdf, id=1168, 922.44624pt x 393.47pt>
File: LRM/Rplot5.pdf Graphic file (type pdf)
<use LRM/Rplot5.pdf>
Package pdftex.def Info: LRM/Rplot5.pdf  used on input line 1688.
(pdftex.def)             Requested size: 418.24986pt x 178.40472pt.
<LRM/Rplot6.pdf, id=1169, 922.44624pt x 393.47pt>
File: LRM/Rplot6.pdf Graphic file (type pdf)
<use LRM/Rplot6.pdf>
Package pdftex.def Info: LRM/Rplot6.pdf  used on input line 1692.
(pdftex.def)             Requested size: 418.24986pt x 178.40472pt.
File: LogoBK.jpg Graphic file (type jpg)
<use LogoBK.jpg>
Package pdftex.def Info: LogoBK.jpg  used on input line 1694.
(pdftex.def)             Requested size: 22.75812pt x 22.75842pt.
 [51 <./LRM/Rplot3.pdf> <./LRM/Rplot4.pdf> <./LRM/Rplot5.pdf>]
\openout4 = `main.pyg'.

 (_minted-main/4FDAEDB3F1B6ADE8C87F760ED5669BE419F985447EC54E8B82C17FA4B4D93AE9.pygtex)
<LRM/Rplot7.pdf, id=1193, 597.23125pt x 420.57124pt>
File: LRM/Rplot7.pdf Graphic file (type pdf)
<use LRM/Rplot7.pdf>
Package pdftex.def Info: LRM/Rplot7.pdf  used on input line 1706.
(pdftex.def)             Requested size: 418.2595pt x 294.53905pt.
File: LogoBK.jpg Graphic file (type jpg)
<use LogoBK.jpg>
Package pdftex.def Info: LogoBK.jpg  used on input line 1708.
(pdftex.def)             Requested size: 22.75812pt x 22.75842pt.
 [52 <./LRM/Rplot6.pdf>]
\openout4 = `main.pyg'.

 (_minted-main/492B059CF4C437C2A867A62ECAFA8B7419F985447EC54E8B82C17FA4B4D93AE9.pygtex)
<LRM/Rplot8.pdf, id=1205, 597.23125pt x 420.57124pt>
File: LRM/Rplot8.pdf Graphic file (type pdf)
<use LRM/Rplot8.pdf>
Package pdftex.def Info: LRM/Rplot8.pdf  used on input line 1718.
(pdftex.def)             Requested size: 418.2595pt x 294.53905pt.
File: LogoBK.jpg Graphic file (type jpg)
<use LogoBK.jpg>
Package pdftex.def Info: LogoBK.jpg  used on input line 1720.
(pdftex.def)             Requested size: 22.75812pt x 22.75842pt.
 [53 <./LRM/Rplot7.pdf>]
\openout4 = `main.pyg'.

 (_minted-main/199EA55C296972577195E23E7A205A0819F985447EC54E8B82C17FA4B4D93AE9.pygtex)
<LRM/Rplot9.pdf, id=1221, 597.23125pt x 420.57124pt>
File: LRM/Rplot9.pdf Graphic file (type pdf)
<use LRM/Rplot9.pdf>
Package pdftex.def Info: LRM/Rplot9.pdf  used on input line 1730.
(pdftex.def)             Requested size: 418.2595pt x 294.53905pt.
File: LogoBK.jpg Graphic file (type jpg)
<use LogoBK.jpg>
Package pdftex.def Info: LogoBK.jpg  used on input line 1732.
(pdftex.def)             Requested size: 22.75812pt x 22.75842pt.
 [54 <./LRM/Rplot8.pdf>]
<EM/Moore_law.png, id=1238, 3144.74875pt x 2326.6925pt>
File: EM/Moore_law.png Graphic file (type png)
<use EM/Moore_law.png>
Package pdftex.def Info: EM/Moore_law.png  used on input line 1759.
(pdftex.def)             Requested size: 418.23674pt x 309.43912pt.

Underfull \hbox (badness 10000) in paragraph at lines 1754--1760

 []


Underfull \hbox (badness 10000) in paragraph at lines 1754--1760

 []

File: LogoBK.jpg Graphic file (type jpg)
<use LogoBK.jpg>
Package pdftex.def Info: LogoBK.jpg  used on input line 1760.
(pdftex.def)             Requested size: 22.75812pt x 22.75842pt.
[55 <./LRM/Rplot9.pdf>]
File: LogoBK.jpg Graphic file (type jpg)
<use LogoBK.jpg>
Package pdftex.def Info: LogoBK.jpg  used on input line 1763.
(pdftex.def)             Requested size: 22.75812pt x 22.75842pt.
 [56 <./EM/Moore_law.png (PNG copy)>]
\openout4 = `main.pyg'.

 (_minted-main/D2FEE402EDE6E45048B521F75527AB2B19F985447EC54E8B82C17FA4B4D93AE9.pygtex)
\openout4 = `main.pyg'.

 (_minted-main/D6142A6C0E960956C9648F25A032E47319F985447EC54E8B82C17FA4B4D93AE9.pygtex)
File: LogoBK.jpg Graphic file (type jpg)
<use LogoBK.jpg>
Package pdftex.def Info: LogoBK.jpg  used on input line 1813.
(pdftex.def)             Requested size: 22.75812pt x 22.75842pt.
 [57]
\openout4 = `main.pyg'.

 (_minted-main/76CAF17A711633C1399AFA209B38BF285BD9CFCE54A68914ACB2DCF71641ADB0.pygtex)
\openout4 = `main.pyg'.

 (_minted-main/416CA4544348F8E269415C9DDA197C1C5BD9CFCE54A68914ACB2DCF71641ADB0.pygtex)
\openout4 = `main.pyg'.

 (_minted-main/2F7E14E7FF36D4499982EE3D785A1A6F19F985447EC54E8B82C17FA4B4D93AE9.pygtex)
Package mdframed Info: Not enough space on this page on input line 1867.
File: LogoBK.jpg Graphic file (type jpg)
<use LogoBK.jpg>
Package pdftex.def Info: LogoBK.jpg  used on input line 1867.
(pdftex.def)             Requested size: 22.75812pt x 22.75842pt.
 [58]
Package mdframed Info: Not enough space on this page on input line 1867.
\openout4 = `main.pyg'.

 (_minted-main/0CB93058EB53E50AC88FC67043749B6F19F985447EC54E8B82C17FA4B4D93AE9.pygtex)
<EM/compared_graph.pdf, id=1274, 844.15375pt x 597.23125pt>
File: EM/compared_graph.pdf Graphic file (type pdf)
<use EM/compared_graph.pdf>
Package pdftex.def Info: EM/compared_graph.pdf  used on input line 1886.
(pdftex.def)             Requested size: 418.26314pt x 295.91743pt.
<EM/exp_graph.pdf, id=1275, 844.15375pt x 597.23125pt>
File: EM/exp_graph.pdf Graphic file (type pdf)
<use EM/exp_graph.pdf>
Package pdftex.def Info: EM/exp_graph.pdf  used on input line 1891.
(pdftex.def)             Requested size: 418.26314pt x 295.91743pt.
File: LogoBK.jpg Graphic file (type jpg)
<use LogoBK.jpg>
Package pdftex.def Info: LogoBK.jpg  used on input line 1892.
(pdftex.def)             Requested size: 22.75812pt x 22.75842pt.
 [59 <./EM/compared_graph.pdf>]
\openout4 = `main.pyg'.

 (_minted-main/2FE2BBF91FE64C3E7B1D3D67C1DD10F219F985447EC54E8B82C17FA4B4D93AE9.pygtex)
Package mdframed Info: Not enough space on this page on input line 1912.
File: LogoBK.jpg Graphic file (type jpg)
<use LogoBK.jpg>
Package pdftex.def Info: LogoBK.jpg  used on input line 1912.
(pdftex.def)             Requested size: 22.75812pt x 22.75842pt.
 [60 <./EM/exp_graph.pdf>]
Package mdframed Info: Not enough space on this page on input line 1912.
\openout4 = `main.pyg'.

 (_minted-main/08ADC3FB8E4D3BF61A734C94C07C9F3719F985447EC54E8B82C17FA4B4D93AE9.pygtex)
\openout4 = `main.pyg'.

 (_minted-main/5C71E01C31E016474CA678CD2EEB73B619F985447EC54E8B82C17FA4B4D93AE9.pygtex)
\openout4 = `main.pyg'.

 (_minted-main/00D1612BB2B28F77C2D6F643CE5F44CB19F985447EC54E8B82C17FA4B4D93AE9.pygtex)
File: LogoBK.jpg Graphic file (type jpg)
<use LogoBK.jpg>
Package pdftex.def Info: LogoBK.jpg  used on input line 1969.
(pdftex.def)             Requested size: 22.75812pt x 22.75842pt.
 [61]
\openout4 = `main.pyg'.

 (_minted-main/5393D5D2E2205B2018B9748A4011526419F985447EC54E8B82C17FA4B4D93AE9.pygtex)
Overfull \hbox (1.77528pt too wide) in paragraph at lines 1998--2000
\OT1/lmr/m/n/10 dent vari-ables are per-fectly collinear.Indeed, the er-ror \OT1/lmtt/m/n/10 not defined because of singularities
 []


Underfull \hbox (badness 10000) in paragraph at lines 1998--2000

 []

\openout4 = `main.pyg'.

(_minted-main/15DD11A45813D8F6D46EC3E1AEE4D3575BD9CFCE54A68914ACB2DCF71641ADB0.pygtex)
\openout4 = `main.pyg'.

 (_minted-main/A5D4656B81C2EE44AED5EE9564508D645BD9CFCE54A68914ACB2DCF71641ADB0.pygtex)
\openout4 = `main.pyg'.

 (_minted-main/0B7019BA32B3E68C0A1CF91130DC733B19F985447EC54E8B82C17FA4B4D93AE9.pygtex)
File: LogoBK.jpg Graphic file (type jpg)
<use LogoBK.jpg>
Package pdftex.def Info: LogoBK.jpg  used on input line 2022.
(pdftex.def)             Requested size: 22.75812pt x 22.75842pt.
 [62]
Package mdframed Info: Not enough space on this page on input line 2022.

Underfull \hbox (badness 10000) in paragraph at lines 2023--2025

 []

\openout4 = `main.pyg'.

(_minted-main/1ABE0F41E4BBD88D06A6604022C8420F19F985447EC54E8B82C17FA4B4D93AE9.pygtex)
\openout4 = `main.pyg'.

 (_minted-main/4EA350FC44FA3B7873C05DB694D4F7A519F985447EC54E8B82C17FA4B4D93AE9.pygtex)
\openout4 = `main.pyg'.

 (_minted-main/964A97BC7E944F2AE78E74283BF3A56519F985447EC54E8B82C17FA4B4D93AE9.pygtex)
<EM/poly.pdf, id=1358, 844.15375pt x 597.23125pt>
File: EM/poly.pdf Graphic file (type pdf)
<use EM/poly.pdf>
Package pdftex.def Info: EM/poly.pdf  used on input line 2055.
(pdftex.def)             Requested size: 418.26314pt x 295.91743pt.
File: LogoBK.jpg Graphic file (type jpg)
<use LogoBK.jpg>
Package pdftex.def Info: LogoBK.jpg  used on input line 2057.
(pdftex.def)             Requested size: 22.75812pt x 22.75842pt.
 [63]
Underfull \hbox (badness 10000) in paragraph at lines 2057--2059

 []

\openout4 = `main.pyg'.

(_minted-main/7C4760BC43E523FE4C7796783C37B58919F985447EC54E8B82C17FA4B4D93AE9.pygtex)
<EM/exp_poly.pdf, id=1365, 844.15375pt x 597.23125pt>
File: EM/exp_poly.pdf Graphic file (type pdf)
<use EM/exp_poly.pdf>
Package pdftex.def Info: EM/exp_poly.pdf  used on input line 2076.
(pdftex.def)             Requested size: 418.26314pt x 295.91743pt.
File: LogoBK.jpg Graphic file (type jpg)
<use LogoBK.jpg>
Package pdftex.def Info: LogoBK.jpg  used on input line 2079.
(pdftex.def)             Requested size: 22.75812pt x 22.75842pt.
 [64 <./EM/poly.pdf>]
File: LogoBK.jpg Graphic file (type jpg)
<use LogoBK.jpg>
Package pdftex.def Info: LogoBK.jpg  used on input line 2102.
(pdftex.def)             Requested size: 22.75812pt x 22.75842pt.
 [65 <./EM/exp_poly.pdf>]
\openout4 = `main.pyg'.

 (_minted-main/BE19CD0029F9D14D225D2A96DCAB388819F985447EC54E8B82C17FA4B4D93AE9.pygtex)
File: LogoBK.jpg Graphic file (type jpg)
<use LogoBK.jpg>
Package pdftex.def Info: LogoBK.jpg  used on input line 2151.
(pdftex.def)             Requested size: 22.75812pt x 22.75842pt.
 [66]
<Predict/1.png, id=1394, 1044.15094pt x 358.33875pt>
File: Predict/1.png Graphic file (type png)
<use Predict/1.png>
Package pdftex.def Info: Predict/1.png  used on input line 2154.
(pdftex.def)             Requested size: 418.2584pt x 143.54073pt.
\openout4 = `main.pyg'.

 (_minted-main/204EE075E7EB6FD654F8C391A11A2B8719F985447EC54E8B82C17FA4B4D93AE9.pygtex)
\openout4 = `main.pyg'.

 (_minted-main/5A4F5C5792A48809B0EFB15B7793395A19F985447EC54E8B82C17FA4B4D93AE9.pygtex)
Package mdframed Info: Not enough space on this page on input line 2197.
File: LogoBK.jpg Graphic file (type jpg)
<use LogoBK.jpg>
Package pdftex.def Info: LogoBK.jpg  used on input line 2197.
(pdftex.def)             Requested size: 22.75812pt x 22.75842pt.
 [67 <./Predict/1.png>]
Package mdframed Info: Not enough space on this page on input line 2197.
\openout4 = `main.pyg'.

 (_minted-main/FB2F56FC01A811633533F31001093A8219F985447EC54E8B82C17FA4B4D93AE9.pygtex)
File: LogoBK.jpg Graphic file (type jpg)
<use LogoBK.jpg>
Package pdftex.def Info: LogoBK.jpg  used on input line 2237.
(pdftex.def)             Requested size: 22.75812pt x 22.75842pt.
 [68]
Underfull \hbox (badness 3168) in paragraph at lines 2250--2251
[]\OT1/lmr/m/n/10 John Verzani, \OT1/lmr/m/it/10 sim-pleR { Us-ing R for In-tro-duc-tory Statis-tics\OT1/lmr/m/n/10 . [On-line]. Avail-able:
 []


Underfull \hbox (badness 5832) in paragraph at lines 2251--2252
[]\OT1/lmr/m/it/10 Computer Parts (CPUs and GPUs)\OT1/lmr/m/n/10 , ilis-sek, Sep. 9, 2017. [On-line]. Avail-able:
 []


Underfull \hbox (badness 1142) in paragraph at lines 2253--2254
[]\OT1/lmr/m/n/10 K. S. Htoon, \OT1/lmr/m/it/10 Log Trans-for-ma-tion: Pur-pose and In-ter-pre-ta-tion\OT1/lmr/m/n/10 , Feb. 29, 2020. Ac-
 []

File: LogoBK.jpg Graphic file (type jpg)
<use LogoBK.jpg>
Package pdftex.def Info: LogoBK.jpg  used on input line 2257.
(pdftex.def)             Requested size: 22.75812pt x 22.75842pt.
[69] 
AED: lastpage setting LastPage
File: LogoBK.jpg Graphic file (type jpg)
<use LogoBK.jpg>
Package pdftex.def Info: LogoBK.jpg  used on input line 2300.
(pdftex.def)             Requested size: 22.75812pt x 22.75842pt.
[70] (main.aux)
Package rerunfilecheck Info: File `main.out' has not changed.
(rerunfilecheck)             Checksum: 97A5095400617588856D5EDAF5B6DC6C;13219.
runsystem(del main.pyg)...executed.

 ) 
Here is how much of TeX's memory you used:
 33554 strings out of 478927
 660324 string characters out of 2862391
 1473560 words of memory out of 3000000
 49993 multiletter control sequences out of 15000+600000
 461409 words of font info for 76 fonts, out of 8000000 for 9000
 1141 hyphenation exceptions out of 8191
 84i,25n,89p,1231b,1098s stack positions out of 5000i,500n,10000p,200000b,80000s
{C:/Program Files/MiKTeX/fonts/enc/dvips/lm/lm-mathsy.enc}{C:/Program Files/MiKTeX/fonts/enc/dvips/lm/lm-mathit.enc}{C:/Program Files/MiKTeX/fonts/enc/dvips/lm/lm-rm.enc}{C:/Program Files/MiKTeX/fonts/enc/dvips/lm/lm-mathex.enc}{C:/Program Files/MiKTeX/fonts/enc/dvips/lm/lm-ts1.enc}{C:/Program Files/MiKTeX/fonts/enc/dvips/lm/lm-rmtt.enc}<C:/Program Files/MiKTeX/fonts/type1/public/lm/lmbx10.pfb><C:/Program Files/MiKTeX/fonts/type1/public/lm/lmbx12.pfb><C:/Program Files/MiKTeX/fonts/type1/public/lm/lmbx9.pfb><C:/Program Files/MiKTeX/fonts/type1/public/lm/lmbxi10.pfb><C:/Program Files/MiKTeX/fonts/type1/public/lm/lmex10.pfb><C:/Program Files/MiKTeX/fonts/type1/public/lm/lmmi10.pfb><C:/Program Files/MiKTeX/fonts/type1/public/lm/lmmi5.pfb><C:/Program Files/MiKTeX/fonts/type1/public/lm/lmmi7.pfb><C:/Program Files/MiKTeX/fonts/type1/public/lm/lmr10.pfb><C:/Program Files/MiKTeX/fonts/type1/public/lm/lmr5.pfb><C:/Program Files/MiKTeX/fonts/type1/public/lm/lmr6.pfb><C:/Program Files/MiKTeX/fonts/type1/public/lm/lmr7.pfb><C:/Program Files/MiKTeX/fonts/type1/public/lm/lmr8.pfb><C:/Program Files/MiKTeX/fonts/type1/public/lm/lmr9.pfb><C:/Program Files/MiKTeX/fonts/type1/public/lm/lmri10.pfb><C:/Program Files/MiKTeX/fonts/type1/public/lm/lmsy10.pfb><C:/Program Files/MiKTeX/fonts/type1/public/lm/lmsy5.pfb><C:/Program Files/MiKTeX/fonts/type1/public/lm/lmsy7.pfb><C:/Program Files/MiKTeX/fonts/type1/public/lm/lmtk10.pfb><C:/Program Files/MiKTeX/fonts/type1/public/lm/lmtt10.pfb><C:/Program Files/MiKTeX/fonts/type1/public/lm/lmtt8.pfb>
Output written on main.pdf (71 pages, 6599267 bytes).
PDF statistics:
 1649 PDF objects out of 1728 (max. 8388607)
 505 named destinations out of 1000 (max. 500000)
 908 words of extra memory for PDF output out of 10000 (max. 10000000)

